 INFO  Accepting connections at http://localhost:5050
 HTTP  8/12/2025 5:54:09 AM ::1 GET /
 HTTP  8/12/2025 5:54:09 AM ::1 Returned 200 in 137 ms
 HTTP  8/12/2025 5:54:10 AM ::1 GET /_next/static/css/40384a9710f558d9.css
 HTTP  8/12/2025 5:54:10 AM ::1 GET /_next/static/media/e4af272ccee01ff0-s.p.woff2
 HTTP  8/12/2025 5:54:10 AM ::1 GET /_next/static/chunks/webpack-a3333b90cde4cccb.js
 HTTP  8/12/2025 5:54:10 AM ::1 Returned 200 in 12 ms
 HTTP  8/12/2025 5:54:10 AM ::1 GET /_next/static/chunks/main-app-421d4053965075b8.js
 HTTP  8/12/2025 5:54:10 AM ::1 Returned 304 in 46 ms
 HTTP  8/12/2025 5:54:10 AM ::1 Returned 200 in 47 ms
 HTTP  8/12/2025 5:54:10 AM ::1 GET /_next/static/chunks/864-3eb9302f43f2f25b.js
 HTTP  8/12/2025 5:54:10 AM ::1 GET /_next/static/chunks/fd9d1056-9460a96b566cd381.js
 HTTP  8/12/2025 5:54:10 AM ::1 Returned 304 in 24 ms
 HTTP  8/12/2025 5:54:10 AM ::1 Returned 304 in 13 ms
 HTTP  8/12/2025 5:54:10 AM ::1 Returned 304 in 10 ms
 HTTP  8/12/2025 5:54:10 AM ::1 GET /_next/static/chunks/app/layout-b79f23dc273f347a.js
 HTTP  8/12/2025 5:54:10 AM ::1 GET /_next/static/chunks/app/page-d4fa1c042b9f0502.js
 HTTP  8/12/2025 5:54:10 AM ::1 Returned 200 in 7 ms
 HTTP  8/12/2025 5:54:10 AM ::1 Returned 200 in 6 ms
 HTTP  8/12/2025 5:54:10 AM ::1 GET /_next/static/chunks/499-26fed873b3db4904.js
 HTTP  8/12/2025 5:54:10 AM ::1 GET /_next/static/chunks/71-ffc6d65bc2457ade.js
 HTTP  8/12/2025 5:54:10 AM ::1 Returned 304 in 2 ms
 HTTP  8/12/2025 5:54:10 AM ::1 Returned 304 in 2 ms
 HTTP  8/12/2025 5:54:11 AM ::1 GET /favicon.ico
 HTTP  8/12/2025 5:54:11 AM ::1 Returned 200 in 1 ms
 HTTP  8/12/2025 6:05:53 AM ::1 GET /
 HTTP  8/12/2025 6:05:53 AM ::1 Returned 200 in 12 ms
 HTTP  8/12/2025 6:05:53 AM ::1 GET /_next/static/media/e4af272ccee01ff0-s.p.woff2
 HTTP  8/12/2025 6:05:53 AM ::1 GET /_next/static/css/40384a9710f558d9.css
 HTTP  8/12/2025 6:05:53 AM ::1 Returned 304 in 5 ms
 HTTP  8/12/2025 6:05:53 AM ::1 Returned 304 in 9 ms
 HTTP  8/12/2025 6:05:53 AM ::1 GET /_next/static/chunks/webpack-a3333b90cde4cccb.js
 HTTP  8/12/2025 6:05:53 AM ::1 GET /_next/static/chunks/864-3eb9302f43f2f25b.js
 HTTP  8/12/2025 6:05:53 AM ::1 GET /_next/static/chunks/fd9d1056-9460a96b566cd381.js
 HTTP  8/12/2025 6:05:53 AM ::1 GET /_next/static/chunks/main-app-421d4053965075b8.js
 HTTP  8/12/2025 6:05:53 AM ::1 Returned 304 in 11 ms
 HTTP  8/12/2025 6:05:53 AM ::1 Returned 304 in 11 ms
 HTTP  8/12/2025 6:05:53 AM ::1 Returned 304 in 5 ms
 HTTP  8/12/2025 6:05:53 AM ::1 Returned 304 in 8 ms
 HTTP  8/12/2025 6:05:54 AM ::1 GET /_next/static/chunks/app/page-bc3153e58fae9d43.js
 HTTP  8/12/2025 6:05:54 AM ::1 Returned 200 in 8 ms
 HTTP  8/12/2025 6:05:54 AM ::1 GET /_next/static/chunks/app/layout-b79f23dc273f347a.js
 HTTP  8/12/2025 6:05:54 AM ::1 Returned 304 in 1 ms
 HTTP  8/12/2025 6:05:54 AM ::1 GET /_next/static/chunks/499-26fed873b3db4904.js
 HTTP  8/12/2025 6:05:54 AM ::1 GET /_next/static/chunks/71-ffc6d65bc2457ade.js
 HTTP  8/12/2025 6:05:54 AM ::1 Returned 304 in 1 ms
 HTTP  8/12/2025 6:05:54 AM ::1 Returned 304 in 2 ms
 HTTP  8/12/2025 6:05:54 AM ::1 GET /favicon.ico
 HTTP  8/12/2025 6:05:54 AM ::1 Returned 200 in 1 ms
 HTTP  8/12/2025 6:05:54 AM ::1 GET /images/founder.jpg
 HTTP  8/12/2025 6:05:54 AM ::1 Returned 200 in 1 ms
 HTTP  8/12/2025 6:06:08 AM ::1 GET /
 HTTP  8/12/2025 6:06:08 AM ::1 Returned 304 in 3 ms
 HTTP  8/12/2025 6:06:08 AM ::1 GET /_next/static/chunks/webpack-a3333b90cde4cccb.js
 HTTP  8/12/2025 6:06:08 AM ::1 GET /_next/static/chunks/864-3eb9302f43f2f25b.js
 HTTP  8/12/2025 6:06:08 AM ::1 Returned 304 in 3 ms
 HTTP  8/12/2025 6:06:08 AM ::1 Returned 304 in 2 ms
 HTTP  8/12/2025 6:06:08 AM ::1 GET /_next/static/media/e4af272ccee01ff0-s.p.woff2
 HTTP  8/12/2025 6:06:08 AM ::1 Returned 304 in 1 ms
 HTTP  8/12/2025 6:06:08 AM ::1 GET /_next/static/chunks/fd9d1056-9460a96b566cd381.js
 HTTP  8/12/2025 6:06:08 AM ::1 Returned 304 in 0 ms
 HTTP  8/12/2025 6:06:08 AM ::1 GET /_next/static/chunks/main-app-421d4053965075b8.js
 HTTP  8/12/2025 6:06:08 AM ::1 GET /_next/static/css/40384a9710f558d9.css
 HTTP  8/12/2025 6:06:08 AM ::1 Returned 304 in 1 ms
 HTTP  8/12/2025 6:06:08 AM ::1 Returned 304 in 1 ms
 HTTP  8/12/2025 6:06:08 AM ::1 GET /_next/static/chunks/app/layout-b79f23dc273f347a.js
 HTTP  8/12/2025 6:06:08 AM ::1 GET /_next/static/chunks/499-26fed873b3db4904.js
 HTTP  8/12/2025 6:06:08 AM ::1 GET /_next/static/chunks/71-ffc6d65bc2457ade.js
 HTTP  8/12/2025 6:06:08 AM ::1 GET /_next/static/chunks/app/page-bc3153e58fae9d43.js
 HTTP  8/12/2025 6:06:08 AM ::1 Returned 304 in 3 ms
 HTTP  8/12/2025 6:06:08 AM ::1 Returned 304 in 1 ms
 HTTP  8/12/2025 6:06:08 AM ::1 Returned 304 in 1 ms
 HTTP  8/12/2025 6:06:08 AM ::1 Returned 304 in 1 ms
 HTTP  8/12/2025 6:06:08 AM ::1 GET /images/founder.jpg
 HTTP  8/12/2025 6:06:08 AM ::1 Returned 304 in 4 ms
 HTTP  8/12/2025 6:06:08 AM ::1 GET /favicon.ico
 HTTP  8/12/2025 6:06:08 AM ::1 Returned 304 in 1 ms
 HTTP  8/12/2025 6:06:55 AM ::1 GET /
 HTTP  8/12/2025 6:06:55 AM ::1 Returned 200 in 25 ms
 HTTP  8/12/2025 6:06:55 AM ::1 GET /_next/static/media/e4af272ccee01ff0-s.p.woff2
 HTTP  8/12/2025 6:06:55 AM ::1 GET /_next/static/css/40384a9710f558d9.css
 HTTP  8/12/2025 6:06:55 AM ::1 Returned 304 in 1 ms
 HTTP  8/12/2025 6:06:55 AM ::1 Returned 200 in 2 ms
 HTTP  8/12/2025 6:06:55 AM ::1 GET /_next/static/chunks/webpack-a3333b90cde4cccb.js
 HTTP  8/12/2025 6:06:55 AM ::1 GET /_next/static/chunks/864-3eb9302f43f2f25b.js
 HTTP  8/12/2025 6:06:55 AM ::1 GET /_next/static/chunks/fd9d1056-9460a96b566cd381.js
 HTTP  8/12/2025 6:06:55 AM ::1 GET /_next/static/chunks/main-app-421d4053965075b8.js
 HTTP  8/12/2025 6:06:55 AM ::1 Returned 200 in 22 ms
 HTTP  8/12/2025 6:06:55 AM ::1 Returned 304 in 7 ms
 HTTP  8/12/2025 6:06:55 AM ::1 Returned 304 in 12 ms
 HTTP  8/12/2025 6:06:55 AM ::1 Returned 304 in 13 ms
 HTTP  8/12/2025 6:06:55 AM ::1 GET /_next/static/chunks/app/layout-b79f23dc273f347a.js
 HTTP  8/12/2025 6:06:55 AM ::1 GET /_next/static/chunks/71-ffc6d65bc2457ade.js
 HTTP  8/12/2025 6:06:55 AM ::1 GET /_next/static/chunks/app/page-f291de622c5f34e5.js
 HTTP  8/12/2025 6:06:55 AM ::1 GET /_next/static/chunks/499-26fed873b3db4904.js
 HTTP  8/12/2025 6:06:55 AM ::1 Returned 200 in 4 ms
 HTTP  8/12/2025 6:06:55 AM ::1 Returned 200 in 5 ms
 HTTP  8/12/2025 6:06:55 AM ::1 Returned 200 in 5 ms
 HTTP  8/12/2025 6:06:55 AM ::1 Returned 304 in 6 ms
 HTTP  8/12/2025 6:06:56 AM ::1 GET /favicon.ico
 HTTP  8/12/2025 6:06:56 AM ::1 Returned 200 in 1 ms
 HTTP  8/12/2025 6:06:57 AM ::1 GET /images/founder.jpg
 HTTP  8/12/2025 6:06:57 AM ::1 GET /images/marketer.jpg
 HTTP  8/12/2025 6:06:57 AM ::1 Returned 200 in 1 ms
 HTTP  8/12/2025 6:06:57 AM ::1 Returned 200 in 1 ms
 HTTP  8/12/2025 6:07:04 AM ::1 GET /index.txt?_rsc=acgkz
 HTTP  8/12/2025 6:07:04 AM ::1 Returned 200 in 5 ms
 HTTP  8/12/2025 6:07:04 AM ::1 GET /services.txt?_rsc=acgkz
 HTTP  8/12/2025 6:07:04 AM ::1 GET /about.txt?_rsc=acgkz
 HTTP  8/12/2025 6:07:04 AM ::1 GET /privacy-policy.txt?_rsc=acgkz
 HTTP  8/12/2025 6:07:04 AM ::1 Returned 200 in 2 ms
 HTTP  8/12/2025 6:07:04 AM ::1 Returned 200 in 1 ms
 HTTP  8/12/2025 6:07:04 AM ::1 Returned 200 in 1 ms
 HTTP  8/12/2025 6:07:04 AM ::1 GET /tos.txt?_rsc=acgkz
 HTTP  8/12/2025 6:07:04 AM ::1 GET /authority.txt?_rsc=acgkz
 HTTP  8/12/2025 6:07:04 AM ::1 GET /careers.txt?_rsc=acgkz
 HTTP  8/12/2025 6:07:04 AM ::1 GET /contact.txt?_rsc=acgkz
 HTTP  8/12/2025 6:07:04 AM ::1 Returned 200 in 3 ms
 HTTP  8/12/2025 6:07:04 AM ::1 Returned 200 in 2 ms
 HTTP  8/12/2025 6:07:04 AM ::1 Returned 200 in 1 ms
 HTTP  8/12/2025 6:07:04 AM ::1 GET /ai-optimization.txt?_rsc=acgkz
 HTTP  8/12/2025 6:07:04 AM ::1 Returned 200 in 2 ms
 HTTP  8/12/2025 6:07:04 AM ::1 Returned 200 in 1 ms
 HTTP  8/12/2025 6:07:04 AM ::1 GET /linkedin.txt?_rsc=acgkz
 HTTP  8/12/2025 6:07:04 AM ::1 Returned 200 in 1 ms
 HTTP  8/12/2025 6:07:15 AM ::1 GET /
 HTTP  8/12/2025 6:07:15 AM ::1 Returned 200 in 10 ms
 HTTP  8/12/2025 6:07:15 AM ::1 GET /_next/static/media/e4af272ccee01ff0-s.p.woff2
 HTTP  8/12/2025 6:07:15 AM ::1 GET /_next/static/css/40384a9710f558d9.css
 HTTP  8/12/2025 6:07:15 AM ::1 Returned 304 in 5 ms
 HTTP  8/12/2025 6:07:15 AM ::1 Returned 304 in 1 ms
 HTTP  8/12/2025 6:07:15 AM ::1 GET /_next/static/chunks/webpack-a3333b90cde4cccb.js
 HTTP  8/12/2025 6:07:15 AM ::1 Returned 304 in 0 ms
 HTTP  8/12/2025 6:07:15 AM ::1 GET /_next/static/chunks/fd9d1056-9460a96b566cd381.js
 HTTP  8/12/2025 6:07:15 AM ::1 GET /_next/static/chunks/864-3eb9302f43f2f25b.js
 HTTP  8/12/2025 6:07:15 AM ::1 Returned 304 in 0 ms
 HTTP  8/12/2025 6:07:15 AM ::1 Returned 304 in 0 ms
 HTTP  8/12/2025 6:07:15 AM ::1 GET /_next/static/chunks/main-app-421d4053965075b8.js
 HTTP  8/12/2025 6:07:15 AM ::1 Returned 304 in 6 ms
 HTTP  8/12/2025 6:07:15 AM ::1 GET /_next/static/chunks/app/page-f291de622c5f34e5.js
 HTTP  8/12/2025 6:07:15 AM ::1 Returned 200 in 1 ms
 HTTP  8/12/2025 6:07:15 AM ::1 GET /_next/static/chunks/app/layout-b79f23dc273f347a.js
 HTTP  8/12/2025 6:07:15 AM ::1 GET /_next/static/chunks/71-ffc6d65bc2457ade.js
 HTTP  8/12/2025 6:07:15 AM ::1 Returned 304 in 0 ms
 HTTP  8/12/2025 6:07:15 AM ::1 Returned 304 in 0 ms
 HTTP  8/12/2025 6:07:15 AM ::1 GET /_next/static/chunks/499-26fed873b3db4904.js
 HTTP  8/12/2025 6:07:15 AM ::1 Returned 304 in 0 ms
 HTTP  8/12/2025 6:07:15 AM ::1 GET /favicon.ico
 HTTP  8/12/2025 6:07:15 AM ::1 Returned 200 in 0 ms
 HTTP  8/12/2025 6:07:15 AM ::1 GET /images/marketer.jpg
 HTTP  8/12/2025 6:07:15 AM ::1 GET /images/founder.jpg
 HTTP  8/12/2025 6:07:15 AM ::1 Returned 200 in 2 ms
 HTTP  8/12/2025 6:07:15 AM ::1 Returned 200 in 1 ms
 HTTP  8/12/2025 6:08:21 AM ::1 GET /
 HTTP  8/12/2025 6:08:21 AM ::1 Returned 304 in 2 ms
 HTTP  8/12/2025 6:08:21 AM ::1 GET /_next/static/media/e4af272ccee01ff0-s.p.woff2
 HTTP  8/12/2025 6:08:21 AM ::1 GET /_next/static/css/40384a9710f558d9.css
 HTTP  8/12/2025 6:08:21 AM ::1 Returned 304 in 7 ms
 HTTP  8/12/2025 6:08:21 AM ::1 Returned 304 in 17 ms
 HTTP  8/12/2025 6:08:21 AM ::1 GET /_next/static/chunks/webpack-a3333b90cde4cccb.js
 HTTP  8/12/2025 6:08:21 AM ::1 GET /_next/static/chunks/fd9d1056-9460a96b566cd381.js
 HTTP  8/12/2025 6:08:21 AM ::1 Returned 304 in 0 ms
 HTTP  8/12/2025 6:08:21 AM ::1 GET /_next/static/chunks/864-3eb9302f43f2f25b.js
 HTTP  8/12/2025 6:08:21 AM ::1 Returned 304 in 3 ms
 HTTP  8/12/2025 6:08:21 AM ::1 GET /_next/static/chunks/main-app-421d4053965075b8.js
 HTTP  8/12/2025 6:08:21 AM ::1 Returned 304 in 4 ms
 HTTP  8/12/2025 6:08:21 AM ::1 Returned 304 in 1 ms
 HTTP  8/12/2025 6:08:21 AM ::1 GET /images/marketer.jpg
 HTTP  8/12/2025 6:08:21 AM ::1 GET /images/founder.jpg
 HTTP  8/12/2025 6:08:21 AM ::1 Returned 304 in 4 ms
 HTTP  8/12/2025 6:08:21 AM ::1 Returned 304 in 1 ms
 HTTP  8/12/2025 6:08:21 AM ::1 GET /_next/static/chunks/499-26fed873b3db4904.js
 HTTP  8/12/2025 6:08:21 AM ::1 GET /_next/static/chunks/app/layout-b79f23dc273f347a.js
 HTTP  8/12/2025 6:08:21 AM ::1 GET /_next/static/chunks/app/page-f291de622c5f34e5.js
 HTTP  8/12/2025 6:08:21 AM ::1 GET /_next/static/chunks/71-ffc6d65bc2457ade.js
 HTTP  8/12/2025 6:08:21 AM ::1 Returned 304 in 2 ms
 HTTP  8/12/2025 6:08:21 AM ::1 Returned 304 in 2 ms
 HTTP  8/12/2025 6:08:21 AM ::1 Returned 304 in 1 ms
 HTTP  8/12/2025 6:08:21 AM ::1 Returned 304 in 2 ms
 HTTP  8/12/2025 6:08:22 AM ::1 GET /favicon.ico
 HTTP  8/12/2025 6:08:22 AM ::1 Returned 304 in 0 ms
 HTTP  8/12/2025 6:08:22 AM ::1 GET /index.txt?_rsc=acgkz
 HTTP  8/12/2025 6:08:22 AM ::1 GET /services.txt?_rsc=acgkz
 HTTP  8/12/2025 6:08:22 AM ::1 Returned 304 in 8 ms
 HTTP  8/12/2025 6:08:22 AM ::1 GET /authority.txt?_rsc=acgkz
 HTTP  8/12/2025 6:08:22 AM ::1 Returned 304 in 14 ms
 HTTP  8/12/2025 6:08:22 AM ::1 GET /ai-optimization.txt?_rsc=acgkz
 HTTP  8/12/2025 6:08:22 AM ::1 Returned 304 in 12 ms
 HTTP  8/12/2025 6:08:22 AM ::1 GET /careers.txt?_rsc=acgkz
 HTTP  8/12/2025 6:08:22 AM ::1 GET /about.txt?_rsc=acgkz
 HTTP  8/12/2025 6:08:22 AM ::1 Returned 304 in 12 ms
 HTTP  8/12/2025 6:08:22 AM ::1 Returned 304 in 7 ms
 HTTP  8/12/2025 6:08:22 AM ::1 Returned 304 in 5 ms
 HTTP  8/12/2025 6:08:22 AM ::1 GET /tos.txt?_rsc=acgkz
 HTTP  8/12/2025 6:08:22 AM ::1 GET /privacy-policy.txt?_rsc=acgkz
 HTTP  8/12/2025 6:08:22 AM ::1 GET /contact.txt?_rsc=acgkz
 HTTP  8/12/2025 6:08:22 AM ::1 Returned 304 in 1 ms
 HTTP  8/12/2025 6:08:22 AM ::1 Returned 304 in 1 ms
 HTTP  8/12/2025 6:08:22 AM ::1 Returned 304 in 0 ms
 HTTP  8/12/2025 6:09:29 AM ::1 GET /
 HTTP  8/12/2025 6:09:29 AM ::1 Returned 200 in 7 ms
 HTTP  8/12/2025 6:09:29 AM ::1 GET /_next/static/css/40384a9710f558d9.css
 HTTP  8/12/2025 6:09:29 AM ::1 GET /_next/static/media/e4af272ccee01ff0-s.p.woff2
 HTTP  8/12/2025 6:09:29 AM ::1 GET /_next/static/chunks/webpack-a3333b90cde4cccb.js
 HTTP  8/12/2025 6:09:29 AM ::1 GET /_next/static/chunks/fd9d1056-9460a96b566cd381.js
 HTTP  8/12/2025 6:09:29 AM ::1 GET /_next/static/chunks/main-app-421d4053965075b8.js
 HTTP  8/12/2025 6:09:29 AM ::1 Returned 304 in 3 ms
 HTTP  8/12/2025 6:09:29 AM ::1 Returned 304 in 5 ms
 HTTP  8/12/2025 6:09:29 AM ::1 GET /_next/static/chunks/864-3eb9302f43f2f25b.js
 HTTP  8/12/2025 6:09:29 AM ::1 Returned 304 in 3 ms
 HTTP  8/12/2025 6:09:29 AM ::1 Returned 304 in 5 ms
 HTTP  8/12/2025 6:09:29 AM ::1 Returned 304 in 8 ms
 HTTP  8/12/2025 6:09:29 AM ::1 Returned 304 in 8 ms
 HTTP  8/12/2025 6:09:29 AM ::1 GET /_next/static/chunks/app/page-4fd385530e9e410e.js
 HTTP  8/12/2025 6:09:29 AM ::1 GET /_next/static/chunks/71-ffc6d65bc2457ade.js
 HTTP  8/12/2025 6:09:29 AM ::1 GET /_next/static/chunks/app/layout-b79f23dc273f347a.js
 HTTP  8/12/2025 6:09:29 AM ::1 GET /_next/static/chunks/499-26fed873b3db4904.js
 HTTP  8/12/2025 6:09:29 AM ::1 Returned 200 in 1 ms
 HTTP  8/12/2025 6:09:29 AM ::1 Returned 304 in 1 ms
 HTTP  8/12/2025 6:09:29 AM ::1 Returned 304 in 1 ms
 HTTP  8/12/2025 6:09:29 AM ::1 Returned 304 in 1 ms
 HTTP  8/12/2025 6:09:29 AM ::1 GET /favicon.ico
 HTTP  8/12/2025 6:09:29 AM ::1 Returned 200 in 1 ms
 HTTP  8/12/2025 6:09:30 AM ::1 GET /images/consultant.jpg
 HTTP  8/12/2025 6:09:30 AM ::1 GET /images/founder.jpg
 HTTP  8/12/2025 6:09:30 AM ::1 GET /images/marketer.jpg
 HTTP  8/12/2025 6:09:30 AM ::1 Returned 200 in 3 ms
 HTTP  8/12/2025 6:09:30 AM ::1 Returned 200 in 1 ms
 HTTP  8/12/2025 6:09:30 AM ::1 Returned 200 in 1 ms
 HTTP  8/12/2025 6:15:43 AM ::1 GET /
 HTTP  8/12/2025 6:15:43 AM ::1 Returned 200 in 18 ms
 HTTP  8/12/2025 6:15:43 AM ::1 GET /_next/static/css/1c36b241b8cb2ec2.css
 HTTP  8/12/2025 6:15:43 AM ::1 GET /_next/static/chunks/webpack-249e14dbf0905a64.js
 HTTP  8/12/2025 6:15:43 AM ::1 GET /_next/static/media/e4af272ccee01ff0-s.p.woff2
 HTTP  8/12/2025 6:15:43 AM ::1 GET /_next/static/chunks/fd9d1056-9460a96b566cd381.js
 HTTP  8/12/2025 6:15:43 AM ::1 Returned 200 in 2 ms
 HTTP  8/12/2025 6:15:43 AM ::1 GET /_next/static/chunks/864-3eb9302f43f2f25b.js
 HTTP  8/12/2025 6:15:43 AM ::1 GET /_next/static/chunks/main-app-421d4053965075b8.js
 HTTP  8/12/2025 6:15:43 AM ::1 Returned 200 in 11 ms
 HTTP  8/12/2025 6:15:43 AM ::1 Returned 304 in 10 ms
 HTTP  8/12/2025 6:15:43 AM ::1 Returned 304 in 17 ms
 HTTP  8/12/2025 6:15:43 AM ::1 Returned 304 in 16 ms
 HTTP  8/12/2025 6:15:43 AM ::1 Returned 304 in 20 ms
 HTTP  8/12/2025 6:15:43 AM ::1 GET /images/consultant.jpg
 HTTP  8/12/2025 6:15:43 AM ::1 GET /images/marketer.jpg
 HTTP  8/12/2025 6:15:43 AM ::1 GET /images/founder.jpg
 HTTP  8/12/2025 6:15:43 AM ::1 Returned 200 in 9 ms
 HTTP  8/12/2025 6:15:43 AM ::1 GET /_next/static/chunks/app/layout-f156450e859848da.js
 HTTP  8/12/2025 6:15:43 AM ::1 GET /_next/static/chunks/499-26fed873b3db4904.js
 HTTP  8/12/2025 6:15:43 AM ::1 GET /_next/static/chunks/71-ffc6d65bc2457ade.js
 HTTP  8/12/2025 6:15:43 AM ::1 Returned 200 in 7 ms
 HTTP  8/12/2025 6:15:43 AM ::1 Returned 200 in 10 ms
 HTTP  8/12/2025 6:15:43 AM ::1 Returned 200 in 9 ms
 HTTP  8/12/2025 6:15:43 AM ::1 Returned 304 in 10 ms
 HTTP  8/12/2025 6:15:43 AM ::1 Returned 304 in 10 ms
 HTTP  8/12/2025 6:15:43 AM ::1 GET /_next/static/chunks/app/page-050a284b3cd8f2cf.js
 HTTP  8/12/2025 6:15:43 AM ::1 Returned 200 in 1 ms
 HTTP  8/12/2025 6:15:43 AM ::1 GET /favicon.ico
 HTTP  8/12/2025 6:15:43 AM ::1 Returned 200 in 1 ms
 HTTP  8/12/2025 6:15:51 AM ::1 GET /
 HTTP  8/12/2025 6:15:51 AM ::1 Returned 304 in 1 ms
 HTTP  8/12/2025 6:15:51 AM ::1 GET /_next/static/media/e4af272ccee01ff0-s.p.woff2
 HTTP  8/12/2025 6:15:51 AM ::1 GET /_next/static/css/1c36b241b8cb2ec2.css
 HTTP  8/12/2025 6:15:51 AM ::1 Returned 304 in 4 ms
 HTTP  8/12/2025 6:15:51 AM ::1 Returned 304 in 4 ms
 HTTP  8/12/2025 6:15:51 AM ::1 GET /_next/static/chunks/fd9d1056-9460a96b566cd381.js
 HTTP  8/12/2025 6:15:51 AM ::1 GET /_next/static/chunks/864-3eb9302f43f2f25b.js
 HTTP  8/12/2025 6:15:51 AM ::1 Returned 304 in 1 ms
 HTTP  8/12/2025 6:15:51 AM ::1 Returned 304 in 0 ms
 HTTP  8/12/2025 6:15:51 AM ::1 GET /_next/static/chunks/main-app-421d4053965075b8.js
 HTTP  8/12/2025 6:15:51 AM ::1 Returned 304 in 8 ms
 HTTP  8/12/2025 6:15:51 AM ::1 GET /_next/static/chunks/webpack-249e14dbf0905a64.js
 HTTP  8/12/2025 6:15:51 AM ::1 Returned 304 in 0 ms
 HTTP  8/12/2025 6:15:51 AM ::1 GET /_next/static/chunks/499-26fed873b3db4904.js
 HTTP  8/12/2025 6:15:51 AM ::1 GET /_next/static/chunks/71-ffc6d65bc2457ade.js
 HTTP  8/12/2025 6:15:51 AM ::1 GET /_next/static/chunks/app/layout-f156450e859848da.js
 HTTP  8/12/2025 6:15:51 AM ::1 GET /_next/static/chunks/app/page-050a284b3cd8f2cf.js
 HTTP  8/12/2025 6:15:51 AM ::1 Returned 304 in 4 ms
 HTTP  8/12/2025 6:15:51 AM ::1 Returned 304 in 2 ms
 HTTP  8/12/2025 6:15:51 AM ::1 Returned 304 in 1 ms
 HTTP  8/12/2025 6:15:51 AM ::1 Returned 304 in 2 ms
 HTTP  8/12/2025 6:15:51 AM ::1 GET /favicon.ico
 HTTP  8/12/2025 6:15:51 AM ::1 Returned 304 in 1 ms
 HTTP  8/12/2025 6:15:54 AM ::1 GET /
 HTTP  8/12/2025 6:15:54 AM ::1 Returned 304 in 1 ms
 HTTP  8/12/2025 6:15:54 AM ::1 GET /_next/static/media/e4af272ccee01ff0-s.p.woff2
 HTTP  8/12/2025 6:15:54 AM ::1 GET /_next/static/css/1c36b241b8cb2ec2.css
 HTTP  8/12/2025 6:15:54 AM ::1 Returned 304 in 4 ms
 HTTP  8/12/2025 6:15:54 AM ::1 Returned 304 in 1 ms
 HTTP  8/12/2025 6:15:54 AM ::1 GET /_next/static/chunks/main-app-421d4053965075b8.js
 HTTP  8/12/2025 6:15:54 AM ::1 GET /_next/static/chunks/webpack-249e14dbf0905a64.js
 HTTP  8/12/2025 6:15:54 AM ::1 Returned 304 in 1 ms
 HTTP  8/12/2025 6:15:54 AM ::1 GET /_next/static/chunks/fd9d1056-9460a96b566cd381.js
 HTTP  8/12/2025 6:15:54 AM ::1 Returned 304 in 7 ms
 HTTP  8/12/2025 6:15:54 AM ::1 GET /_next/static/chunks/864-3eb9302f43f2f25b.js
 HTTP  8/12/2025 6:15:54 AM ::1 Returned 304 in 1 ms
 HTTP  8/12/2025 6:15:54 AM ::1 Returned 304 in 1 ms
 HTTP  8/12/2025 6:15:54 AM ::1 GET /_next/static/chunks/499-26fed873b3db4904.js
 HTTP  8/12/2025 6:15:54 AM ::1 GET /_next/static/chunks/71-ffc6d65bc2457ade.js
 HTTP  8/12/2025 6:15:54 AM ::1 GET /_next/static/chunks/app/layout-f156450e859848da.js
 HTTP  8/12/2025 6:15:54 AM ::1 GET /_next/static/chunks/app/page-050a284b3cd8f2cf.js
 HTTP  8/12/2025 6:15:54 AM ::1 Returned 304 in 1 ms
 HTTP  8/12/2025 6:15:54 AM ::1 Returned 304 in 0 ms
 HTTP  8/12/2025 6:15:54 AM ::1 Returned 304 in 0 ms
 HTTP  8/12/2025 6:15:54 AM ::1 Returned 304 in 1 ms
 HTTP  8/12/2025 6:15:54 AM ::1 GET /favicon.ico
 HTTP  8/12/2025 6:15:54 AM ::1 Returned 304 in 24 ms
 HTTP  8/12/2025 6:15:57 AM ::1 GET /images/founder.jpg
 HTTP  8/12/2025 6:15:57 AM ::1 GET /images/marketer.jpg
 HTTP  8/12/2025 6:15:57 AM ::1 GET /images/consultant.jpg
 HTTP  8/12/2025 6:15:57 AM ::1 Returned 304 in 2 ms
 HTTP  8/12/2025 6:15:57 AM ::1 Returned 304 in 1 ms
 HTTP  8/12/2025 6:15:57 AM ::1 Returned 304 in 1 ms
 HTTP  8/12/2025 6:16:04 AM ::1 GET /
 HTTP  8/12/2025 6:16:04 AM ::1 Returned 304 in 1 ms
 HTTP  8/12/2025 6:16:04 AM ::1 GET /_next/static/media/e4af272ccee01ff0-s.p.woff2
 HTTP  8/12/2025 6:16:04 AM ::1 GET /_next/static/css/1c36b241b8cb2ec2.css
 HTTP  8/12/2025 6:16:04 AM ::1 Returned 304 in 2 ms
 HTTP  8/12/2025 6:16:04 AM ::1 Returned 304 in 7 ms
 HTTP  8/12/2025 6:16:04 AM ::1 GET /_next/static/chunks/webpack-249e14dbf0905a64.js
 HTTP  8/12/2025 6:16:04 AM ::1 Returned 304 in 1 ms
 HTTP  8/12/2025 6:16:04 AM ::1 GET /_next/static/chunks/fd9d1056-9460a96b566cd381.js
 HTTP  8/12/2025 6:16:04 AM ::1 GET /_next/static/chunks/864-3eb9302f43f2f25b.js
 HTTP  8/12/2025 6:16:04 AM ::1 Returned 304 in 1 ms
 HTTP  8/12/2025 6:16:04 AM ::1 GET /_next/static/chunks/main-app-421d4053965075b8.js
 HTTP  8/12/2025 6:16:04 AM ::1 Returned 304 in 7 ms
 HTTP  8/12/2025 6:16:04 AM ::1 Returned 304 in 2 ms
 HTTP  8/12/2025 6:16:04 AM ::1 GET /_next/static/chunks/499-26fed873b3db4904.js
 HTTP  8/12/2025 6:16:04 AM ::1 GET /_next/static/chunks/app/layout-f156450e859848da.js
 HTTP  8/12/2025 6:16:04 AM ::1 GET /_next/static/chunks/71-ffc6d65bc2457ade.js
 HTTP  8/12/2025 6:16:04 AM ::1 GET /_next/static/chunks/app/page-050a284b3cd8f2cf.js
 HTTP  8/12/2025 6:16:04 AM ::1 Returned 304 in 0 ms
 HTTP  8/12/2025 6:16:04 AM ::1 Returned 304 in 0 ms
 HTTP  8/12/2025 6:16:04 AM ::1 Returned 304 in 0 ms
 HTTP  8/12/2025 6:16:04 AM ::1 Returned 304 in 1 ms
 HTTP  8/12/2025 6:16:04 AM ::1 GET /images/marketer.jpg
 HTTP  8/12/2025 6:16:04 AM ::1 GET /images/founder.jpg
 HTTP  8/12/2025 6:16:04 AM ::1 GET /images/consultant.jpg
 HTTP  8/12/2025 6:16:04 AM ::1 Returned 304 in 0 ms
 HTTP  8/12/2025 6:16:04 AM ::1 Returned 304 in 0 ms
 HTTP  8/12/2025 6:16:04 AM ::1 Returned 304 in 0 ms
 HTTP  8/12/2025 6:16:04 AM ::1 GET /favicon.ico
 HTTP  8/12/2025 6:16:04 AM ::1 Returned 304 in 1 ms
 HTTP  8/12/2025 6:16:09 AM ::1 GET /
 HTTP  8/12/2025 6:16:09 AM ::1 Returned 304 in 3 ms
 HTTP  8/12/2025 6:16:09 AM ::1 GET /_next/static/media/e4af272ccee01ff0-s.p.woff2
 HTTP  8/12/2025 6:16:09 AM ::1 GET /_next/static/css/1c36b241b8cb2ec2.css
 HTTP  8/12/2025 6:16:09 AM ::1 Returned 304 in 2 ms
 HTTP  8/12/2025 6:16:09 AM ::1 Returned 304 in 5 ms
 HTTP  8/12/2025 6:16:09 AM ::1 GET /_next/static/chunks/webpack-249e14dbf0905a64.js
 HTTP  8/12/2025 6:16:09 AM ::1 GET /_next/static/chunks/fd9d1056-9460a96b566cd381.js
 HTTP  8/12/2025 6:16:09 AM ::1 Returned 304 in 4 ms
 HTTP  8/12/2025 6:16:09 AM ::1 GET /_next/static/chunks/864-3eb9302f43f2f25b.js
 HTTP  8/12/2025 6:16:09 AM ::1 Returned 304 in 3 ms
 HTTP  8/12/2025 6:16:09 AM ::1 GET /_next/static/chunks/main-app-421d4053965075b8.js
 HTTP  8/12/2025 6:16:09 AM ::1 Returned 304 in 2 ms
 HTTP  8/12/2025 6:16:09 AM ::1 Returned 304 in 0 ms
 HTTP  8/12/2025 6:16:09 AM ::1 GET /images/founder.jpg
 HTTP  8/12/2025 6:16:09 AM ::1 GET /images/marketer.jpg
 HTTP  8/12/2025 6:16:09 AM ::1 GET /images/consultant.jpg
 HTTP  8/12/2025 6:16:09 AM ::1 Returned 304 in 1 ms
 HTTP  8/12/2025 6:16:09 AM ::1 Returned 304 in 1 ms
 HTTP  8/12/2025 6:16:09 AM ::1 Returned 304 in 1 ms
 HTTP  8/12/2025 6:16:09 AM ::1 GET /_next/static/chunks/499-26fed873b3db4904.js
 HTTP  8/12/2025 6:16:09 AM ::1 GET /_next/static/chunks/app/layout-f156450e859848da.js
 HTTP  8/12/2025 6:16:09 AM ::1 GET /_next/static/chunks/71-ffc6d65bc2457ade.js
 HTTP  8/12/2025 6:16:09 AM ::1 GET /_next/static/chunks/app/page-050a284b3cd8f2cf.js
 HTTP  8/12/2025 6:16:09 AM ::1 Returned 304 in 2 ms
 HTTP  8/12/2025 6:16:09 AM ::1 Returned 304 in 1 ms
 HTTP  8/12/2025 6:16:09 AM ::1 Returned 304 in 2 ms
 HTTP  8/12/2025 6:16:09 AM ::1 Returned 304 in 3 ms
 HTTP  8/12/2025 6:16:09 AM ::1 GET /favicon.ico
 HTTP  8/12/2025 6:16:09 AM ::1 Returned 304 in 1 ms
 HTTP  8/12/2025 6:17:09 AM ::1 GET /
 HTTP  8/12/2025 6:17:09 AM ::1 Returned 200 in 7 ms
 HTTP  8/12/2025 6:17:09 AM ::1 GET /_next/static/css/1c36b241b8cb2ec2.css
 HTTP  8/12/2025 6:17:09 AM ::1 GET /_next/static/chunks/webpack-249e14dbf0905a64.js
 HTTP  8/12/2025 6:17:09 AM ::1 GET /_next/static/media/e4af272ccee01ff0-s.p.woff2
 HTTP  8/12/2025 6:17:09 AM ::1 GET /_next/static/chunks/fd9d1056-9460a96b566cd381.js
 HTTP  8/12/2025 6:17:09 AM ::1 GET /_next/static/chunks/864-3eb9302f43f2f25b.js
 HTTP  8/12/2025 6:17:09 AM ::1 Returned 200 in 8 ms
 HTTP  8/12/2025 6:17:09 AM ::1 GET /_next/static/chunks/main-app-421d4053965075b8.js
 HTTP  8/12/2025 6:17:09 AM ::1 Returned 200 in 25 ms
 HTTP  8/12/2025 6:17:09 AM ::1 Returned 304 in 30 ms
 HTTP  8/12/2025 6:17:09 AM ::1 Returned 304 in 33 ms
 HTTP  8/12/2025 6:17:09 AM ::1 Returned 304 in 38 ms
 HTTP  8/12/2025 6:17:09 AM ::1 Returned 304 in 33 ms
 HTTP  8/12/2025 6:17:09 AM ::1 GET /_next/static/chunks/app/layout-f156450e859848da.js
 HTTP  8/12/2025 6:17:09 AM ::1 GET /_next/static/chunks/app/page-6bb341858b9e6ade.js
 HTTP  8/12/2025 6:17:09 AM ::1 GET /_next/static/chunks/71-ffc6d65bc2457ade.js
 HTTP  8/12/2025 6:17:09 AM ::1 GET /_next/static/chunks/499-26fed873b3db4904.js
 HTTP  8/12/2025 6:17:09 AM ::1 Returned 200 in 2 ms
 HTTP  8/12/2025 6:17:09 AM ::1 Returned 200 in 4 ms
 HTTP  8/12/2025 6:17:09 AM ::1 Returned 304 in 6 ms
 HTTP  8/12/2025 6:17:09 AM ::1 Returned 304 in 6 ms
 HTTP  8/12/2025 6:17:09 AM ::1 GET /favicon.ico
 HTTP  8/12/2025 6:17:09 AM ::1 Returned 200 in 11 ms
 HTTP  8/12/2025 6:17:10 AM ::1 GET /images/founder.png
 HTTP  8/12/2025 6:17:10 AM ::1 GET /images/marketer.png
 HTTP  8/12/2025 6:17:10 AM ::1 GET /images/consultant.png
 HTTP  8/12/2025 6:17:10 AM ::1 Returned 200 in 7 ms
 HTTP  8/12/2025 6:17:10 AM ::1 Returned 200 in 7 ms
 HTTP  8/12/2025 6:17:10 AM ::1 Returned 200 in 8 ms
 HTTP  8/12/2025 6:17:14 AM ::1 GET /index.txt?_rsc=acgkz
 HTTP  8/12/2025 6:17:14 AM ::1 Returned 200 in 2 ms
 HTTP  8/12/2025 6:17:14 AM ::1 GET /privacy-policy.txt?_rsc=acgkz
 HTTP  8/12/2025 6:17:14 AM ::1 GET /about.txt?_rsc=acgkz
 HTTP  8/12/2025 6:17:14 AM ::1 GET /services.txt?_rsc=acgkz
 HTTP  8/12/2025 6:17:14 AM ::1 Returned 200 in 2 ms
 HTTP  8/12/2025 6:17:14 AM ::1 Returned 200 in 1 ms
 HTTP  8/12/2025 6:17:14 AM ::1 Returned 200 in 1 ms
 HTTP  8/12/2025 6:17:14 AM ::1 GET /tos.txt?_rsc=acgkz
 HTTP  8/12/2025 6:17:14 AM ::1 GET /authority.txt?_rsc=acgkz
 HTTP  8/12/2025 6:17:14 AM ::1 GET /careers.txt?_rsc=acgkz
 HTTP  8/12/2025 6:17:14 AM ::1 Returned 200 in 2 ms
 HTTP  8/12/2025 6:17:14 AM ::1 Returned 200 in 1 ms
 HTTP  8/12/2025 6:17:14 AM ::1 Returned 200 in 3 ms
 HTTP  8/12/2025 6:17:14 AM ::1 GET /ai-optimization.txt?_rsc=acgkz
 HTTP  8/12/2025 6:17:14 AM ::1 GET /contact.txt?_rsc=acgkz
 HTTP  8/12/2025 6:17:14 AM ::1 Returned 200 in 2 ms
 HTTP  8/12/2025 6:17:14 AM ::1 Returned 200 in 2 ms
 HTTP  8/12/2025 6:17:14 AM ::1 GET /linkedin.txt?_rsc=acgkz
 HTTP  8/12/2025 6:17:14 AM ::1 Returned 200 in 2 ms
 HTTP  8/12/2025 6:23:59 AM ::1 GET /
 HTTP  8/12/2025 6:23:59 AM ::1 Returned 200 in 8 ms
 HTTP  8/12/2025 6:23:59 AM ::1 GET /_next/static/media/e4af272ccee01ff0-s.p.woff2
 HTTP  8/12/2025 6:23:59 AM ::1 GET /_next/static/chunks/webpack-249e14dbf0905a64.js
 HTTP  8/12/2025 6:23:59 AM ::1 GET /_next/static/css/1c36b241b8cb2ec2.css
 HTTP  8/12/2025 6:23:59 AM ::1 GET /_next/static/chunks/864-3eb9302f43f2f25b.js
 HTTP  8/12/2025 6:23:59 AM ::1 GET /_next/static/chunks/fd9d1056-9460a96b566cd381.js
 HTTP  8/12/2025 6:23:59 AM ::1 Returned 304 in 2 ms
 HTTP  8/12/2025 6:23:59 AM ::1 Returned 304 in 3 ms
 HTTP  8/12/2025 6:23:59 AM ::1 GET /_next/static/chunks/main-app-421d4053965075b8.js
 HTTP  8/12/2025 6:23:59 AM ::1 Returned 304 in 5 ms
 HTTP  8/12/2025 6:23:59 AM ::1 Returned 304 in 4 ms
 HTTP  8/12/2025 6:23:59 AM ::1 Returned 304 in 3 ms
 HTTP  8/12/2025 6:23:59 AM ::1 Returned 304 in 5 ms
 HTTP  8/12/2025 6:23:59 AM ::1 GET /_next/static/chunks/app/page-f2755508cad708db.js
 HTTP  8/12/2025 6:23:59 AM ::1 GET /_next/static/chunks/499-26fed873b3db4904.js
 HTTP  8/12/2025 6:23:59 AM ::1 GET /_next/static/chunks/app/layout-f156450e859848da.js
 HTTP  8/12/2025 6:23:59 AM ::1 GET /_next/static/chunks/71-ffc6d65bc2457ade.js
 HTTP  8/12/2025 6:23:59 AM ::1 Returned 200 in 6 ms
 HTTP  8/12/2025 6:23:59 AM ::1 Returned 304 in 5 ms
 HTTP  8/12/2025 6:23:59 AM ::1 Returned 304 in 5 ms
 HTTP  8/12/2025 6:23:59 AM ::1 Returned 304 in 9 ms
 HTTP  8/12/2025 6:24:00 AM ::1 GET /favicon.ico
 HTTP  8/12/2025 6:24:00 AM ::1 Returned 200 in 12 ms
 HTTP  8/12/2025 6:24:02 AM ::1 GET /images/founder.png
 HTTP  8/12/2025 6:24:02 AM ::1 GET /images/marketer.png
 HTTP  8/12/2025 6:24:02 AM ::1 GET /images/consultant.png
 HTTP  8/12/2025 6:24:02 AM ::1 Returned 304 in 10 ms
 HTTP  8/12/2025 6:24:02 AM ::1 Returned 304 in 12 ms
 HTTP  8/12/2025 6:24:02 AM ::1 Returned 304 in 19 ms
 HTTP  8/12/2025 6:24:04 AM ::1 GET /index.txt?_rsc=acgkz
 HTTP  8/12/2025 6:24:04 AM ::1 Returned 200 in 2 ms
 HTTP  8/12/2025 6:24:04 AM ::1 GET /authority.txt?_rsc=acgkz
 HTTP  8/12/2025 6:24:04 AM ::1 GET /privacy-policy.txt?_rsc=acgkz
 HTTP  8/12/2025 6:24:04 AM ::1 Returned 200 in 1 ms
 HTTP  8/12/2025 6:24:04 AM ::1 GET /services.txt?_rsc=acgkz
 HTTP  8/12/2025 6:24:04 AM ::1 Returned 200 in 0 ms
 HTTP  8/12/2025 6:24:04 AM ::1 GET /about.txt?_rsc=acgkz
 HTTP  8/12/2025 6:24:04 AM ::1 Returned 200 in 1 ms
 HTTP  8/12/2025 6:24:04 AM ::1 GET /careers.txt?_rsc=acgkz
 HTTP  8/12/2025 6:24:04 AM ::1 Returned 200 in 1 ms
 HTTP  8/12/2025 6:24:04 AM ::1 Returned 200 in 0 ms
 HTTP  8/12/2025 6:24:04 AM ::1 GET /tos.txt?_rsc=acgkz
 HTTP  8/12/2025 6:24:04 AM ::1 Returned 200 in 0 ms
 HTTP  8/12/2025 6:24:04 AM ::1 GET /contact.txt?_rsc=acgkz
 HTTP  8/12/2025 6:24:04 AM ::1 GET /ai-optimization.txt?_rsc=acgkz
 HTTP  8/12/2025 6:24:04 AM ::1 Returned 200 in 2 ms
 HTTP  8/12/2025 6:24:04 AM ::1 Returned 200 in 2 ms
 HTTP  8/12/2025 6:24:04 AM ::1 GET /linkedin.txt?_rsc=acgkz
 HTTP  8/12/2025 6:24:04 AM ::1 Returned 200 in 1 ms
 HTTP  8/12/2025 6:24:14 AM ::1 GET /
 HTTP  8/12/2025 6:24:14 AM ::1 Returned 200 in 2 ms
 HTTP  8/12/2025 6:24:14 AM ::1 GET /_next/static/media/e4af272ccee01ff0-s.p.woff2
 HTTP  8/12/2025 6:24:14 AM ::1 GET /_next/static/css/1c36b241b8cb2ec2.css
 HTTP  8/12/2025 6:24:14 AM ::1 Returned 304 in 7 ms
 HTTP  8/12/2025 6:24:14 AM ::1 Returned 304 in 2 ms
 HTTP  8/12/2025 6:24:14 AM ::1 GET /_next/static/chunks/webpack-249e14dbf0905a64.js
 HTTP  8/12/2025 6:24:14 AM ::1 GET /_next/static/chunks/fd9d1056-9460a96b566cd381.js
 HTTP  8/12/2025 6:24:14 AM ::1 Returned 304 in 2 ms
 HTTP  8/12/2025 6:24:14 AM ::1 Returned 304 in 1 ms
 HTTP  8/12/2025 6:24:14 AM ::1 GET /_next/static/chunks/main-app-421d4053965075b8.js
 HTTP  8/12/2025 6:24:14 AM ::1 Returned 304 in 1 ms
 HTTP  8/12/2025 6:24:14 AM ::1 GET /_next/static/chunks/864-3eb9302f43f2f25b.js
 HTTP  8/12/2025 6:24:14 AM ::1 Returned 304 in 1 ms
 HTTP  8/12/2025 6:24:14 AM ::1 GET /images/founder.png
 HTTP  8/12/2025 6:24:14 AM ::1 GET /images/marketer.png
 HTTP  8/12/2025 6:24:14 AM ::1 GET /images/consultant.png
 HTTP  8/12/2025 6:24:14 AM ::1 Returned 200 in 4 ms
 HTTP  8/12/2025 6:24:14 AM ::1 Returned 200 in 2 ms
 HTTP  8/12/2025 6:24:14 AM ::1 Returned 200 in 3 ms
 HTTP  8/12/2025 6:24:14 AM ::1 GET /_next/static/chunks/499-26fed873b3db4904.js
 HTTP  8/12/2025 6:24:14 AM ::1 Returned 304 in 0 ms
 HTTP  8/12/2025 6:24:14 AM ::1 GET /_next/static/chunks/app/layout-f156450e859848da.js
 HTTP  8/12/2025 6:24:14 AM ::1 GET /_next/static/chunks/71-ffc6d65bc2457ade.js
 HTTP  8/12/2025 6:24:14 AM ::1 Returned 304 in 0 ms
 HTTP  8/12/2025 6:24:14 AM ::1 Returned 304 in 0 ms
 HTTP  8/12/2025 6:24:14 AM ::1 GET /_next/static/chunks/app/page-f2755508cad708db.js
 HTTP  8/12/2025 6:24:14 AM ::1 Returned 200 in 1 ms
 HTTP  8/12/2025 6:24:14 AM ::1 GET /favicon.ico
 HTTP  8/12/2025 6:24:14 AM ::1 Returned 200 in 3 ms
 HTTP  8/12/2025 6:25:38 AM ::1 GET /index.txt?_rsc=acgkz
 HTTP  8/12/2025 6:25:38 AM ::1 Returned 200 in 4 ms
 HTTP  8/12/2025 6:25:38 AM ::1 GET /privacy-policy.txt?_rsc=acgkz
 HTTP  8/12/2025 6:25:38 AM ::1 GET /services.txt?_rsc=acgkz
 HTTP  8/12/2025 6:25:38 AM ::1 GET /about.txt?_rsc=acgkz
 HTTP  8/12/2025 6:25:38 AM ::1 Returned 200 in 1 ms
 HTTP  8/12/2025 6:25:38 AM ::1 Returned 200 in 1 ms
 HTTP  8/12/2025 6:25:38 AM ::1 Returned 200 in 1 ms
 HTTP  8/12/2025 6:25:38 AM ::1 GET /authority.txt?_rsc=acgkz
 HTTP  8/12/2025 6:25:38 AM ::1 GET /careers.txt?_rsc=acgkz
 HTTP  8/12/2025 6:25:38 AM ::1 GET /ai-optimization.txt?_rsc=acgkz
 HTTP  8/12/2025 6:25:38 AM ::1 GET /tos.txt?_rsc=acgkz
 HTTP  8/12/2025 6:25:38 AM ::1 GET /contact.txt?_rsc=acgkz
 HTTP  8/12/2025 6:25:38 AM ::1 Returned 200 in 1 ms
 HTTP  8/12/2025 6:25:38 AM ::1 Returned 200 in 0 ms
 HTTP  8/12/2025 6:25:38 AM ::1 Returned 200 in 0 ms
 HTTP  8/12/2025 6:25:38 AM ::1 Returned 200 in 0 ms
 HTTP  8/12/2025 6:25:38 AM ::1 Returned 200 in 1 ms
 HTTP  8/12/2025 6:25:38 AM ::1 GET /linkedin.txt?_rsc=acgkz
 HTTP  8/12/2025 6:25:38 AM ::1 Returned 200 in 0 ms
 HTTP  8/12/2025 6:26:41 AM ::1 GET /
 HTTP  8/12/2025 6:26:41 AM ::1 Returned 200 in 32 ms
 HTTP  8/12/2025 6:26:41 AM ::1 GET /_next/static/css/28beb6270677632c.css
 HTTP  8/12/2025 6:26:41 AM ::1 GET /_next/static/chunks/webpack-0f188426df68e0d0.js
 HTTP  8/12/2025 6:26:41 AM ::1 GET /_next/static/media/e4af272ccee01ff0-s.p.woff2
 HTTP  8/12/2025 6:26:41 AM ::1 GET /_next/static/chunks/fd9d1056-9460a96b566cd381.js
 HTTP  8/12/2025 6:26:41 AM ::1 GET /_next/static/chunks/864-3eb9302f43f2f25b.js
 HTTP  8/12/2025 6:26:41 AM ::1 Returned 200 in 9 ms
 HTTP  8/12/2025 6:26:41 AM ::1 GET /_next/static/chunks/main-app-421d4053965075b8.js
 HTTP  8/12/2025 6:26:41 AM ::1 Returned 304 in 11 ms
 HTTP  8/12/2025 6:26:41 AM ::1 Returned 200 in 15 ms
 HTTP  8/12/2025 6:26:41 AM ::1 Returned 304 in 15 ms
 HTTP  8/12/2025 6:26:41 AM ::1 Returned 304 in 8 ms
 HTTP  8/12/2025 6:26:41 AM ::1 Returned 304 in 17 ms
 HTTP  8/12/2025 6:26:41 AM ::1 GET /_next/static/chunks/app/layout-32b7870ebb1dde70.js
 HTTP  8/12/2025 6:26:41 AM ::1 GET /_next/static/chunks/app/page-beddaf9fe3305db2.js
 HTTP  8/12/2025 6:26:41 AM ::1 GET /_next/static/chunks/499-26fed873b3db4904.js
 HTTP  8/12/2025 6:26:41 AM ::1 GET /_next/static/chunks/71-ffc6d65bc2457ade.js
 HTTP  8/12/2025 6:26:41 AM ::1 Returned 200 in 14 ms
 HTTP  8/12/2025 6:26:41 AM ::1 Returned 200 in 12 ms
 HTTP  8/12/2025 6:26:41 AM ::1 Returned 304 in 10 ms
 HTTP  8/12/2025 6:26:41 AM ::1 Returned 304 in 11 ms
 HTTP  8/12/2025 6:26:41 AM ::1 GET /favicon.ico
 HTTP  8/12/2025 6:26:41 AM ::1 Returned 200 in 1 ms
 HTTP  8/12/2025 6:26:45 AM ::1 GET /images/consultant.png
 HTTP  8/12/2025 6:26:45 AM ::1 GET /images/marketer.png
 HTTP  8/12/2025 6:26:45 AM ::1 GET /images/founder.png
 HTTP  8/12/2025 6:26:45 AM ::1 Returned 304 in 8 ms
 HTTP  8/12/2025 6:26:45 AM ::1 Returned 304 in 9 ms
 HTTP  8/12/2025 6:26:45 AM ::1 Returned 304 in 7 ms
 HTTP  8/12/2025 6:30:54 AM ::1 GET /
 HTTP  8/12/2025 6:30:54 AM ::1 Returned 200 in 10 ms
 HTTP  8/12/2025 6:30:54 AM ::1 GET /_next/static/css/0828ac4e77835c80.css
 HTTP  8/12/2025 6:30:54 AM ::1 GET /_next/static/media/e4af272ccee01ff0-s.p.woff2
 HTTP  8/12/2025 6:30:54 AM ::1 GET /_next/static/chunks/webpack-0ba267535f0f3eb4.js
 HTTP  8/12/2025 6:30:54 AM ::1 GET /_next/static/chunks/864-3eb9302f43f2f25b.js
 HTTP  8/12/2025 6:30:54 AM ::1 Returned 304 in 9 ms
 HTTP  8/12/2025 6:30:54 AM ::1 GET /_next/static/chunks/fd9d1056-9460a96b566cd381.js
 HTTP  8/12/2025 6:30:54 AM ::1 Returned 200 in 13 ms
 HTTP  8/12/2025 6:30:54 AM ::1 GET /_next/static/chunks/main-app-421d4053965075b8.js
 HTTP  8/12/2025 6:30:54 AM ::1 Returned 200 in 2 ms
 HTTP  8/12/2025 6:30:54 AM ::1 Returned 304 in 1 ms
 HTTP  8/12/2025 6:30:54 AM ::1 Returned 304 in 2 ms
 HTTP  8/12/2025 6:30:54 AM ::1 Returned 304 in 9 ms
 HTTP  8/12/2025 6:30:54 AM ::1 GET /_next/static/chunks/app/layout-a089c3c6f6e856e6.js
 HTTP  8/12/2025 6:30:54 AM ::1 GET /_next/static/chunks/app/page-2a2ae135d2bbb85d.js
 HTTP  8/12/2025 6:30:54 AM ::1 GET /_next/static/chunks/499-26fed873b3db4904.js
 HTTP  8/12/2025 6:30:54 AM ::1 GET /_next/static/chunks/71-ffc6d65bc2457ade.js
 HTTP  8/12/2025 6:30:54 AM ::1 Returned 200 in 2 ms
 HTTP  8/12/2025 6:30:54 AM ::1 Returned 200 in 2 ms
 HTTP  8/12/2025 6:30:54 AM ::1 Returned 304 in 2 ms
 HTTP  8/12/2025 6:30:54 AM ::1 Returned 304 in 2 ms
 HTTP  8/12/2025 6:30:54 AM ::1 GET /favicon.ico
 HTTP  8/12/2025 6:30:54 AM ::1 Returned 200 in 3 ms
 HTTP  8/12/2025 6:33:43 AM ::1 GET /
 HTTP  8/12/2025 6:33:43 AM ::1 Returned 200 in 5 ms
 HTTP  8/12/2025 6:33:43 AM ::1 GET /_next/static/media/e4af272ccee01ff0-s.p.woff2
 HTTP  8/12/2025 6:33:43 AM ::1 GET /_next/static/css/0828ac4e77835c80.css
 HTTP  8/12/2025 6:33:43 AM ::1 GET /_next/static/chunks/webpack-0ba267535f0f3eb4.js
 HTTP  8/12/2025 6:33:43 AM ::1 GET /_next/static/chunks/fd9d1056-9460a96b566cd381.js
 HTTP  8/12/2025 6:33:43 AM ::1 GET /_next/static/chunks/864-3eb9302f43f2f25b.js
 HTTP  8/12/2025 6:33:43 AM ::1 Returned 304 in 3 ms
 HTTP  8/12/2025 6:33:43 AM ::1 Returned 304 in 4 ms
 HTTP  8/12/2025 6:33:43 AM ::1 GET /_next/static/chunks/main-app-421d4053965075b8.js
 HTTP  8/12/2025 6:33:43 AM ::1 Returned 304 in 9 ms
 HTTP  8/12/2025 6:33:43 AM ::1 Returned 304 in 10 ms
 HTTP  8/12/2025 6:33:43 AM ::1 Returned 304 in 12 ms
 HTTP  8/12/2025 6:33:43 AM ::1 Returned 304 in 13 ms
 HTTP  8/12/2025 6:33:43 AM ::1 GET /_next/static/chunks/app/page-6f718f05ba3ba82a.js
 HTTP  8/12/2025 6:33:43 AM ::1 GET /_next/static/chunks/app/layout-a089c3c6f6e856e6.js
 HTTP  8/12/2025 6:33:43 AM ::1 GET /_next/static/chunks/499-26fed873b3db4904.js
 HTTP  8/12/2025 6:33:43 AM ::1 GET /_next/static/chunks/71-ffc6d65bc2457ade.js
 HTTP  8/12/2025 6:33:43 AM ::1 Returned 200 in 6 ms
 HTTP  8/12/2025 6:33:43 AM ::1 Returned 304 in 6 ms
 HTTP  8/12/2025 6:33:43 AM ::1 Returned 304 in 6 ms
 HTTP  8/12/2025 6:33:43 AM ::1 Returned 304 in 6 ms
 HTTP  8/12/2025 6:33:43 AM ::1 GET /favicon.ico
 HTTP  8/12/2025 6:33:43 AM ::1 Returned 200 in 3 ms
 HTTP  8/12/2025 6:33:48 AM ::1 GET /images/founder.png
 HTTP  8/12/2025 6:33:48 AM ::1 GET /images/consultant.png
 HTTP  8/12/2025 6:33:48 AM ::1 GET /images/marketer.png
 HTTP  8/12/2025 6:33:48 AM ::1 Returned 304 in 10 ms
 HTTP  8/12/2025 6:33:48 AM ::1 Returned 304 in 8 ms
 HTTP  8/12/2025 6:33:48 AM ::1 Returned 304 in 11 ms
 HTTP  8/12/2025 6:33:54 AM ::1 GET /index.txt?_rsc=acgkz
 HTTP  8/12/2025 6:33:54 AM ::1 Returned 200 in 4 ms
 HTTP  8/12/2025 6:33:54 AM ::1 GET /privacy-policy.txt?_rsc=acgkz
 HTTP  8/12/2025 6:33:54 AM ::1 GET /about.txt?_rsc=acgkz
 HTTP  8/12/2025 6:33:54 AM ::1 Returned 200 in 1 ms
 HTTP  8/12/2025 6:33:54 AM ::1 GET /services.txt?_rsc=acgkz
 HTTP  8/12/2025 6:33:54 AM ::1 Returned 200 in 1 ms
 HTTP  8/12/2025 6:33:54 AM ::1 Returned 200 in 0 ms
 HTTP  8/12/2025 6:33:54 AM ::1 GET /linkedin.txt?_rsc=acgkz
 HTTP  8/12/2025 6:33:54 AM ::1 GET /authority.txt?_rsc=acgkz
 HTTP  8/12/2025 6:33:54 AM ::1 GET /ai-optimization.txt?_rsc=acgkz
 HTTP  8/12/2025 6:33:54 AM ::1 GET /careers.txt?_rsc=acgkz
 HTTP  8/12/2025 6:33:54 AM ::1 Returned 200 in 1 ms
 HTTP  8/12/2025 6:33:54 AM ::1 Returned 200 in 1 ms
 HTTP  8/12/2025 6:33:54 AM ::1 Returned 200 in 1 ms
 HTTP  8/12/2025 6:33:54 AM ::1 GET /contact.txt?_rsc=acgkz
 HTTP  8/12/2025 6:33:54 AM ::1 Returned 200 in 1 ms
 HTTP  8/12/2025 6:33:54 AM ::1 Returned 200 in 0 ms
 HTTP  8/12/2025 6:33:54 AM ::1 GET /tos.txt?_rsc=acgkz
 HTTP  8/12/2025 6:33:54 AM ::1 Returned 200 in 9 ms
 HTTP  8/12/2025 6:35:50 AM ::1 GET /
 HTTP  8/12/2025 6:35:50 AM ::1 Returned 200 in 10 ms
 HTTP  8/12/2025 6:35:50 AM ::1 GET /_next/static/css/452a6c0c29431c7e.css
 HTTP  8/12/2025 6:35:50 AM ::1 GET /_next/static/chunks/webpack-619145c4444fc47e.js
 HTTP  8/12/2025 6:35:50 AM ::1 GET /_next/static/media/e4af272ccee01ff0-s.p.woff2
 HTTP  8/12/2025 6:35:50 AM ::1 GET /_next/static/chunks/fd9d1056-9460a96b566cd381.js
 HTTP  8/12/2025 6:35:50 AM ::1 GET /_next/static/chunks/864-3eb9302f43f2f25b.js
 HTTP  8/12/2025 6:35:50 AM ::1 Returned 200 in 6 ms
 HTTP  8/12/2025 6:35:50 AM ::1 GET /_next/static/chunks/main-app-421d4053965075b8.js
 HTTP  8/12/2025 6:35:50 AM ::1 Returned 200 in 12 ms
 HTTP  8/12/2025 6:35:50 AM ::1 Returned 304 in 5 ms
 HTTP  8/12/2025 6:35:50 AM ::1 Returned 304 in 7 ms
 HTTP  8/12/2025 6:35:50 AM ::1 Returned 304 in 4 ms
 HTTP  8/12/2025 6:35:50 AM ::1 Returned 304 in 8 ms
 HTTP  8/12/2025 6:35:50 AM ::1 GET /_next/static/chunks/app/layout-8f8793e86d497aa6.js
 HTTP  8/12/2025 6:35:50 AM ::1 GET /_next/static/chunks/app/page-265f831565f8705c.js
 HTTP  8/12/2025 6:35:50 AM ::1 GET /_next/static/chunks/499-26fed873b3db4904.js
 HTTP  8/12/2025 6:35:50 AM ::1 GET /_next/static/chunks/71-ffc6d65bc2457ade.js
 HTTP  8/12/2025 6:35:50 AM ::1 Returned 200 in 4 ms
 HTTP  8/12/2025 6:35:50 AM ::1 Returned 200 in 4 ms
 HTTP  8/12/2025 6:35:50 AM ::1 Returned 304 in 4 ms
 HTTP  8/12/2025 6:35:50 AM ::1 Returned 304 in 6 ms
 HTTP  8/12/2025 6:35:50 AM ::1 GET /favicon.ico
 HTTP  8/12/2025 6:35:50 AM ::1 Returned 200 in 43 ms
 HTTP  8/12/2025 6:35:51 AM ::1 GET /images/founder.png
 HTTP  8/12/2025 6:35:51 AM ::1 GET /images/consultant.png
 HTTP  8/12/2025 6:35:51 AM ::1 GET /images/marketer.png
 HTTP  8/12/2025 6:35:51 AM ::1 Returned 304 in 5 ms
 HTTP  8/12/2025 6:35:51 AM ::1 Returned 304 in 5 ms
 HTTP  8/12/2025 6:35:51 AM ::1 Returned 304 in 7 ms
 HTTP  8/12/2025 6:37:13 AM ::1 GET /index.txt?_rsc=acgkz
 HTTP  8/12/2025 6:37:13 AM ::1 GET /about.txt?_rsc=acgkz
 HTTP  8/12/2025 6:37:13 AM ::1 GET /services.txt?_rsc=acgkz
 HTTP  8/12/2025 6:37:13 AM ::1 GET /authority.txt?_rsc=acgkz
 HTTP  8/12/2025 6:37:13 AM ::1 Returned 200 in 1 ms
 HTTP  8/12/2025 6:37:13 AM ::1 Returned 200 in 4 ms
 HTTP  8/12/2025 6:37:13 AM ::1 Returned 200 in 1 ms
 HTTP  8/12/2025 6:37:13 AM ::1 GET /careers.txt?_rsc=acgkz
 HTTP  8/12/2025 6:37:13 AM ::1 Returned 200 in 2 ms
 HTTP  8/12/2025 6:37:13 AM ::1 Returned 200 in 1 ms
 HTTP  8/12/2025 6:37:13 AM ::1 GET /privacy-policy.txt?_rsc=acgkz
 HTTP  8/12/2025 6:37:13 AM ::1 GET /tos.txt?_rsc=acgkz
 HTTP  8/12/2025 6:37:13 AM ::1 Returned 200 in 3 ms
 HTTP  8/12/2025 6:37:13 AM ::1 Returned 200 in 0 ms
 HTTP  8/12/2025 6:37:13 AM ::1 GET /linkedin.txt?_rsc=acgkz
 HTTP  8/12/2025 6:37:13 AM ::1 GET /ai-optimization.txt?_rsc=acgkz
 HTTP  8/12/2025 6:37:13 AM ::1 GET /contact.txt?_rsc=acgkz
 HTTP  8/12/2025 6:37:13 AM ::1 Returned 200 in 1 ms
 HTTP  8/12/2025 6:37:13 AM ::1 Returned 200 in 1 ms
 HTTP  8/12/2025 6:37:13 AM ::1 Returned 200 in 1 ms
 HTTP  8/12/2025 6:40:05 AM ::1 GET /privacy-policy.txt?_rsc=acgkz
 HTTP  8/12/2025 6:40:05 AM ::1 Returned 200 in 3 ms
 HTTP  8/12/2025 6:40:17 AM ::1 GET /
 HTTP  8/12/2025 6:40:17 AM ::1 Returned 200 in 5 ms
 HTTP  8/12/2025 6:40:17 AM ::1 GET /_next/static/css/d088c18ccc3eb2c3.css
 HTTP  8/12/2025 6:40:17 AM ::1 GET /_next/static/chunks/webpack-a748e98d1a2457a3.js
 HTTP  8/12/2025 6:40:17 AM ::1 GET /_next/static/media/e4af272ccee01ff0-s.p.woff2
 HTTP  8/12/2025 6:40:17 AM ::1 GET /_next/static/chunks/main-app-421d4053965075b8.js
 HTTP  8/12/2025 6:40:17 AM ::1 GET /_next/static/chunks/fd9d1056-9460a96b566cd381.js
 HTTP  8/12/2025 6:40:17 AM ::1 GET /_next/static/chunks/864-3eb9302f43f2f25b.js
 HTTP  8/12/2025 6:40:17 AM ::1 Returned 200 in 5 ms
 HTTP  8/12/2025 6:40:17 AM ::1 Returned 200 in 15 ms
 HTTP  8/12/2025 6:40:17 AM ::1 Returned 304 in 11 ms
 HTTP  8/12/2025 6:40:17 AM ::1 Returned 304 in 12 ms
 HTTP  8/12/2025 6:40:17 AM ::1 Returned 304 in 13 ms
 HTTP  8/12/2025 6:40:17 AM ::1 Returned 304 in 13 ms
 HTTP  8/12/2025 6:40:17 AM ::1 GET /_next/static/chunks/app/layout-aabc015e4b06267d.js
 HTTP  8/12/2025 6:40:17 AM ::1 GET /_next/static/chunks/app/page-dc35b3f2ed699b4a.js
 HTTP  8/12/2025 6:40:17 AM ::1 GET /_next/static/chunks/499-26fed873b3db4904.js
 HTTP  8/12/2025 6:40:17 AM ::1 GET /_next/static/chunks/71-ffc6d65bc2457ade.js
 HTTP  8/12/2025 6:40:17 AM ::1 Returned 200 in 6 ms
 HTTP  8/12/2025 6:40:17 AM ::1 Returned 200 in 6 ms
 HTTP  8/12/2025 6:40:17 AM ::1 Returned 304 in 6 ms
 HTTP  8/12/2025 6:40:17 AM ::1 Returned 304 in 7 ms
 HTTP  8/12/2025 6:40:18 AM ::1 GET /favicon.ico
 HTTP  8/12/2025 6:40:18 AM ::1 Returned 200 in 2 ms
 HTTP  8/12/2025 6:40:18 AM ::1 GET /images/founder.png
 HTTP  8/12/2025 6:40:18 AM ::1 GET /images/marketer.png
 HTTP  8/12/2025 6:40:18 AM ::1 GET /images/consultant.png
 HTTP  8/12/2025 6:40:18 AM ::1 Returned 304 in 4 ms
 HTTP  8/12/2025 6:40:18 AM ::1 Returned 304 in 5 ms
 HTTP  8/12/2025 6:40:18 AM ::1 Returned 304 in 5 ms
 HTTP  8/12/2025 6:40:18 AM ::1 GET /linkedin.txt?_rsc=acgkz
 HTTP  8/12/2025 6:40:18 AM ::1 GET /authority.txt?_rsc=acgkz
 HTTP  8/12/2025 6:40:18 AM ::1 GET /services.txt?_rsc=acgkz
 HTTP  8/12/2025 6:40:18 AM ::1 GET /ai-optimization.txt?_rsc=acgkz
 HTTP  8/12/2025 6:40:18 AM ::1 GET /index.txt?_rsc=acgkz
 HTTP  8/12/2025 6:40:18 AM ::1 Returned 200 in 3 ms
 HTTP  8/12/2025 6:40:18 AM ::1 Returned 200 in 3 ms
 HTTP  8/12/2025 6:40:18 AM ::1 Returned 200 in 2 ms
 HTTP  8/12/2025 6:40:18 AM ::1 Returned 200 in 2 ms
 HTTP  8/12/2025 6:40:18 AM ::1 Returned 200 in 3 ms
 HTTP  8/12/2025 6:40:18 AM ::1 GET /about.txt?_rsc=acgkz
 HTTP  8/12/2025 6:40:18 AM ::1 GET /careers.txt?_rsc=acgkz
 HTTP  8/12/2025 6:40:18 AM ::1 GET /contact.txt?_rsc=acgkz
 HTTP  8/12/2025 6:40:18 AM ::1 GET /privacy-policy.txt?_rsc=acgkz
 HTTP  8/12/2025 6:40:18 AM ::1 Returned 200 in 1 ms
 HTTP  8/12/2025 6:40:18 AM ::1 Returned 200 in 1 ms
 HTTP  8/12/2025 6:40:18 AM ::1 Returned 200 in 1 ms
 HTTP  8/12/2025 6:40:18 AM ::1 GET /tos.txt?_rsc=acgkz
 HTTP  8/12/2025 6:40:18 AM ::1 Returned 200 in 2 ms
 HTTP  8/12/2025 6:40:18 AM ::1 Returned 200 in 1 ms
 HTTP  8/12/2025 6:42:39 AM ::1 GET /
 HTTP  8/12/2025 6:42:39 AM ::1 Returned 200 in 8 ms
 HTTP  8/12/2025 6:42:39 AM ::1 GET /_next/static/css/6d0590f9f6a97e3d.css
 HTTP  8/12/2025 6:42:39 AM ::1 GET /_next/static/chunks/webpack-26b5034c96bbdee0.js
 HTTP  8/12/2025 6:42:39 AM ::1 GET /_next/static/media/e4af272ccee01ff0-s.p.woff2
 HTTP  8/12/2025 6:42:39 AM ::1 GET /_next/static/chunks/864-3eb9302f43f2f25b.js
 HTTP  8/12/2025 6:42:39 AM ::1 Returned 200 in 2 ms
 HTTP  8/12/2025 6:42:39 AM ::1 GET /_next/static/chunks/fd9d1056-9460a96b566cd381.js
 HTTP  8/12/2025 6:42:39 AM ::1 Returned 200 in 6 ms
 HTTP  8/12/2025 6:42:39 AM ::1 GET /_next/static/chunks/main-app-421d4053965075b8.js
 HTTP  8/12/2025 6:42:39 AM ::1 Returned 304 in 2 ms
 HTTP  8/12/2025 6:42:39 AM ::1 Returned 304 in 4 ms
 HTTP  8/12/2025 6:42:39 AM ::1 Returned 304 in 4 ms
 HTTP  8/12/2025 6:42:39 AM ::1 Returned 304 in 7 ms
 HTTP  8/12/2025 6:42:39 AM ::1 GET /_next/static/chunks/app/layout-67ae419972d68eb1.js
 HTTP  8/12/2025 6:42:39 AM ::1 GET /_next/static/chunks/app/page-27790a3f12383b2e.js
 HTTP  8/12/2025 6:42:39 AM ::1 GET /_next/static/chunks/71-ffc6d65bc2457ade.js
 HTTP  8/12/2025 6:42:39 AM ::1 GET /_next/static/chunks/499-26fed873b3db4904.js
 HTTP  8/12/2025 6:42:39 AM ::1 Returned 200 in 2 ms
 HTTP  8/12/2025 6:42:39 AM ::1 Returned 200 in 1 ms
 HTTP  8/12/2025 6:42:39 AM ::1 Returned 304 in 2 ms
 HTTP  8/12/2025 6:42:39 AM ::1 Returned 304 in 2 ms
 HTTP  8/12/2025 6:42:39 AM ::1 GET /favicon.ico
 HTTP  8/12/2025 6:42:39 AM ::1 Returned 200 in 1 ms
 HTTP  8/12/2025 6:42:39 AM ::1 GET /images/founder.png
 HTTP  8/12/2025 6:42:39 AM ::1 GET /images/marketer.png
 HTTP  8/12/2025 6:42:39 AM ::1 GET /images/consultant.png
 HTTP  8/12/2025 6:42:39 AM ::1 Returned 304 in 5 ms
 HTTP  8/12/2025 6:42:39 AM ::1 Returned 304 in 7 ms
 HTTP  8/12/2025 6:42:39 AM ::1 Returned 304 in 7 ms
 HTTP  8/12/2025 6:42:39 AM ::1 GET /linkedin.txt?_rsc=acgkz
 HTTP  8/12/2025 6:42:39 AM ::1 GET /ai-optimization.txt?_rsc=acgkz
 HTTP  8/12/2025 6:42:39 AM ::1 GET /authority.txt?_rsc=acgkz
 HTTP  8/12/2025 6:42:39 AM ::1 Returned 200 in 2 ms
 HTTP  8/12/2025 6:42:39 AM ::1 Returned 200 in 1 ms
 HTTP  8/12/2025 6:42:39 AM ::1 Returned 200 in 1 ms
 HTTP  8/12/2025 6:42:39 AM ::1 GET /index.txt?_rsc=acgkz
 HTTP  8/12/2025 6:42:39 AM ::1 GET /services.txt?_rsc=acgkz
 HTTP  8/12/2025 6:42:39 AM ::1 Returned 200 in 1 ms
 HTTP  8/12/2025 6:42:39 AM ::1 Returned 200 in 4 ms
 HTTP  8/12/2025 6:42:39 AM ::1 GET /about.txt?_rsc=acgkz
 HTTP  8/12/2025 6:42:39 AM ::1 GET /careers.txt?_rsc=acgkz
 HTTP  8/12/2025 6:42:39 AM ::1 Returned 200 in 1 ms
 HTTP  8/12/2025 6:42:39 AM ::1 GET /contact.txt?_rsc=acgkz
 HTTP  8/12/2025 6:42:39 AM ::1 GET /tos.txt?_rsc=acgkz
 HTTP  8/12/2025 6:42:39 AM ::1 GET /privacy-policy.txt?_rsc=acgkz
 HTTP  8/12/2025 6:42:39 AM ::1 Returned 200 in 1 ms
 HTTP  8/12/2025 6:42:39 AM ::1 Returned 200 in 0 ms
 HTTP  8/12/2025 6:42:39 AM ::1 Returned 200 in 0 ms
 HTTP  8/12/2025 6:42:39 AM ::1 Returned 200 in 0 ms
 HTTP  8/12/2025 6:44:37 AM ::1 GET /services.txt?_rsc=acgkz
 HTTP  8/12/2025 6:44:37 AM ::1 Returned 200 in 10 ms
 HTTP  8/12/2025 6:45:18 AM ::1 GET /about.txt?_rsc=acgkz
 HTTP  8/12/2025 6:45:18 AM ::1 Returned 200 in 20 ms
 HTTP  8/12/2025 6:45:18 AM ::1 GET /ai-optimization.txt?_rsc=acgkz
 HTTP  8/12/2025 6:45:18 AM ::1 Returned 200 in 1 ms
 HTTP  8/12/2025 6:45:18 AM ::1 GET /linkedin.txt?_rsc=acgkz
 HTTP  8/12/2025 6:45:18 AM ::1 Returned 200 in 0 ms
 HTTP  8/12/2025 6:45:18 AM ::1 GET /tos.txt?_rsc=acgkz
 HTTP  8/12/2025 6:45:18 AM ::1 Returned 200 in 3 ms
 HTTP  8/12/2025 6:45:19 AM ::1 GET /privacy-policy.txt?_rsc=acgkz
 HTTP  8/12/2025 6:45:19 AM ::1 Returned 200 in 12 ms
 HTTP  8/12/2025 6:45:24 AM ::1 GET /careers.txt?_rsc=acgkz
 HTTP  8/12/2025 6:45:24 AM ::1 Returned 200 in 1 ms
 HTTP  8/12/2025 6:45:33 AM ::1 GET /index.txt?_rsc=acgkz
 HTTP  8/12/2025 6:45:33 AM ::1 Returned 200 in 8 ms
 HTTP  8/12/2025 6:45:33 AM ::1 GET /_next/static/css/6d0590f9f6a97e3d.css
 HTTP  8/12/2025 6:45:33 AM ::1 Returned 200 in 1 ms
 HTTP  8/12/2025 6:46:49 AM ::1 GET /authority.txt?_rsc=acgkz
 HTTP  8/12/2025 6:46:49 AM ::1 Returned 200 in 5 ms
 HTTP  8/12/2025 6:48:07 AM ::1 GET /
 HTTP  8/12/2025 6:48:07 AM ::1 Returned 200 in 5 ms
 HTTP  8/12/2025 6:48:07 AM ::1 GET /_next/static/css/112ef0fe5731d6ff.css
 HTTP  8/12/2025 6:48:07 AM ::1 GET /_next/static/chunks/webpack-413d51b484296c83.js
 HTTP  8/12/2025 6:48:07 AM ::1 GET /_next/static/media/e4af272ccee01ff0-s.p.woff2
 HTTP  8/12/2025 6:48:07 AM ::1 GET /_next/static/chunks/fd9d1056-9460a96b566cd381.js
 HTTP  8/12/2025 6:48:07 AM ::1 Returned 200 in 4 ms
 HTTP  8/12/2025 6:48:07 AM ::1 Returned 200 in 5 ms
 HTTP  8/12/2025 6:48:07 AM ::1 Returned 304 in 5 ms
 HTTP  8/12/2025 6:48:07 AM ::1 GET /_next/static/chunks/864-3eb9302f43f2f25b.js
 HTTP  8/12/2025 6:48:07 AM ::1 GET /_next/static/chunks/main-app-421d4053965075b8.js
 HTTP  8/12/2025 6:48:07 AM ::1 Returned 304 in 13 ms
 HTTP  8/12/2025 6:48:07 AM ::1 Returned 304 in 3 ms
 HTTP  8/12/2025 6:48:07 AM ::1 Returned 304 in 8 ms
 HTTP  8/12/2025 6:48:07 AM ::1 GET /_next/static/chunks/app/layout-8e6d97c0a35eea71.js
 HTTP  8/12/2025 6:48:07 AM ::1 GET /_next/static/chunks/app/page-b104df1ae4edca4e.js
 HTTP  8/12/2025 6:48:07 AM ::1 GET /_next/static/chunks/499-26fed873b3db4904.js
 HTTP  8/12/2025 6:48:07 AM ::1 Returned 200 in 18 ms
 HTTP  8/12/2025 6:48:07 AM ::1 GET /_next/static/chunks/71-ffc6d65bc2457ade.js
 HTTP  8/12/2025 6:48:07 AM ::1 Returned 200 in 18 ms
 HTTP  8/12/2025 6:48:07 AM ::1 Returned 304 in 24 ms
 HTTP  8/12/2025 6:48:07 AM ::1 Returned 304 in 71 ms
 HTTP  8/12/2025 6:48:07 AM ::1 GET /favicon.ico
 HTTP  8/12/2025 6:48:07 AM ::1 Returned 200 in 2 ms
 HTTP  8/12/2025 6:48:09 AM ::1 GET /images/consultant.png
 HTTP  8/12/2025 6:48:09 AM ::1 GET /images/marketer.png
 HTTP  8/12/2025 6:48:09 AM ::1 GET /images/founder.png
 HTTP  8/12/2025 6:48:09 AM ::1 Returned 304 in 8 ms
 HTTP  8/12/2025 6:48:09 AM ::1 Returned 304 in 8 ms
 HTTP  8/12/2025 6:48:09 AM ::1 Returned 304 in 9 ms
 HTTP  8/12/2025 6:48:09 AM ::1 GET /contact.txt?_rsc=acgkz
 HTTP  8/12/2025 6:48:09 AM ::1 GET /about.txt?_rsc=acgkz
 HTTP  8/12/2025 6:48:09 AM ::1 GET /index.txt?_rsc=acgkz
 HTTP  8/12/2025 6:48:09 AM ::1 GET /careers.txt?_rsc=acgkz
 HTTP  8/12/2025 6:48:09 AM ::1 GET /privacy-policy.txt?_rsc=acgkz
 HTTP  8/12/2025 6:48:09 AM ::1 Returned 200 in 3 ms
 HTTP  8/12/2025 6:48:09 AM ::1 Returned 200 in 4 ms
 HTTP  8/12/2025 6:48:09 AM ::1 Returned 200 in 2 ms
 HTTP  8/12/2025 6:48:09 AM ::1 Returned 200 in 1 ms
 HTTP  8/12/2025 6:48:09 AM ::1 Returned 200 in 3 ms
 HTTP  8/12/2025 6:48:09 AM ::1 GET /tos.txt?_rsc=acgkz
 HTTP  8/12/2025 6:48:09 AM ::1 Returned 200 in 1 ms
 HTTP  8/12/2025 6:49:25 AM ::1 GET /
 HTTP  8/12/2025 6:49:25 AM ::1 Returned 200 in 1 ms
 HTTP  8/12/2025 6:49:25 AM ::1 GET /_next/static/css/112ef0fe5731d6ff.css
 HTTP  8/12/2025 6:49:25 AM ::1 GET /_next/static/chunks/webpack-413d51b484296c83.js
 HTTP  8/12/2025 6:49:25 AM ::1 Returned 200 in 1 ms
 HTTP  8/12/2025 6:49:25 AM ::1 Returned 200 in 1 ms
 HTTP  8/12/2025 6:49:25 AM ::1 GET /_next/static/media/e4af272ccee01ff0-s.p.woff2
 HTTP  8/12/2025 6:49:25 AM ::1 Returned 304 in 0 ms
 HTTP  8/12/2025 6:49:25 AM ::1 GET /_next/static/chunks/864-3eb9302f43f2f25b.js
 HTTP  8/12/2025 6:49:25 AM ::1 Returned 304 in 1 ms
 HTTP  8/12/2025 6:49:25 AM ::1 GET /_next/static/chunks/fd9d1056-9460a96b566cd381.js
 HTTP  8/12/2025 6:49:25 AM ::1 GET /_next/static/chunks/main-app-421d4053965075b8.js
 HTTP  8/12/2025 6:49:25 AM ::1 Returned 304 in 3 ms
 HTTP  8/12/2025 6:49:25 AM ::1 Returned 304 in 1 ms
 HTTP  8/12/2025 6:49:25 AM ::1 GET /_next/static/chunks/app/layout-8e6d97c0a35eea71.js
 HTTP  8/12/2025 6:49:25 AM ::1 GET /_next/static/chunks/app/page-b104df1ae4edca4e.js
 HTTP  8/12/2025 6:49:25 AM ::1 Returned 200 in 1 ms
 HTTP  8/12/2025 6:49:25 AM ::1 Returned 200 in 1 ms
 HTTP  8/12/2025 6:49:25 AM ::1 GET /_next/static/chunks/71-ffc6d65bc2457ade.js
 HTTP  8/12/2025 6:49:25 AM ::1 GET /_next/static/chunks/499-26fed873b3db4904.js
 HTTP  8/12/2025 6:49:25 AM ::1 Returned 304 in 1 ms
 HTTP  8/12/2025 6:49:25 AM ::1 Returned 304 in 1 ms
 HTTP  8/12/2025 6:49:25 AM ::1 GET /images/marketer.png
 HTTP  8/12/2025 6:49:25 AM ::1 GET /images/founder.png
 HTTP  8/12/2025 6:49:25 AM ::1 GET /images/consultant.png
 HTTP  8/12/2025 6:49:25 AM ::1 Returned 304 in 4 ms
 HTTP  8/12/2025 6:49:25 AM ::1 Returned 304 in 2 ms
 HTTP  8/12/2025 6:49:25 AM ::1 Returned 304 in 2 ms
 HTTP  8/12/2025 6:49:25 AM ::1 GET /favicon.ico
 HTTP  8/12/2025 6:49:25 AM ::1 Returned 200 in 1 ms
 HTTP  8/12/2025 6:49:25 AM ::1 GET /index.txt?_rsc=acgkz
 HTTP  8/12/2025 6:49:25 AM ::1 GET /about.txt?_rsc=acgkz
 HTTP  8/12/2025 6:49:25 AM ::1 GET /careers.txt?_rsc=acgkz
 HTTP  8/12/2025 6:49:25 AM ::1 GET /privacy-policy.txt?_rsc=acgkz
 HTTP  8/12/2025 6:49:25 AM ::1 GET /tos.txt?_rsc=acgkz
 HTTP  8/12/2025 6:49:25 AM ::1 Returned 200 in 2 ms
 HTTP  8/12/2025 6:49:25 AM ::1 Returned 200 in 2 ms
 HTTP  8/12/2025 6:49:25 AM ::1 Returned 200 in 2 ms
 HTTP  8/12/2025 6:49:25 AM ::1 Returned 200 in 4 ms
 HTTP  8/12/2025 6:49:25 AM ::1 Returned 200 in 3 ms
 HTTP  8/12/2025 6:49:26 AM ::1 GET /contact.txt?_rsc=acgkz
 HTTP  8/12/2025 6:49:26 AM ::1 Returned 200 in 2 ms
 HTTP  8/12/2025 6:49:57 AM ::1 GET /
 HTTP  8/12/2025 6:49:57 AM ::1 Returned 200 in 8 ms
 HTTP  8/12/2025 6:49:57 AM ::1 GET /_next/static/css/03e0c3b76987567e.css
 HTTP  8/12/2025 6:49:57 AM ::1 GET /_next/static/media/e4af272ccee01ff0-s.p.woff2
 HTTP  8/12/2025 6:49:57 AM ::1 GET /_next/static/chunks/webpack-36b7bb6655f1fcf1.js
 HTTP  8/12/2025 6:49:57 AM ::1 GET /_next/static/chunks/fd9d1056-9460a96b566cd381.js
 HTTP  8/12/2025 6:49:57 AM ::1 Returned 304 in 2 ms
 HTTP  8/12/2025 6:49:57 AM ::1 Returned 200 in 7 ms
 HTTP  8/12/2025 6:49:57 AM ::1 Returned 200 in 1 ms
 HTTP  8/12/2025 6:49:57 AM ::1 GET /_next/static/chunks/864-3eb9302f43f2f25b.js
 HTTP  8/12/2025 6:49:58 AM ::1 GET /_next/static/chunks/main-app-421d4053965075b8.js
 HTTP  8/12/2025 6:49:57 AM ::1 Returned 304 in 10 ms
 HTTP  8/12/2025 6:49:58 AM ::1 Returned 304 in 1 ms
 HTTP  8/12/2025 6:49:57 AM ::1 Returned 304 in 6 ms
 HTTP  8/12/2025 6:49:58 AM ::1 GET /_next/static/chunks/app/layout-109c3a3608e45a6d.js
 HTTP  8/12/2025 6:49:58 AM ::1 GET /_next/static/chunks/644-68e0a44102a037da.js
 HTTP  8/12/2025 6:49:58 AM ::1 GET /_next/static/chunks/app/page-a04f7aef5ee16e58.js
 HTTP  8/12/2025 6:49:58 AM ::1 GET /_next/static/chunks/499-26fed873b3db4904.js
 HTTP  8/12/2025 6:49:58 AM ::1 Returned 200 in 12 ms
 HTTP  8/12/2025 6:49:58 AM ::1 Returned 304 in 11 ms
 HTTP  8/12/2025 6:49:58 AM ::1 Returned 200 in 55 ms
 HTTP  8/12/2025 6:49:58 AM ::1 Returned 200 in 54 ms
 HTTP  8/12/2025 6:49:58 AM ::1 GET /favicon.ico
 HTTP  8/12/2025 6:49:58 AM ::1 Returned 200 in 0 ms
 HTTP  8/12/2025 6:50:00 AM ::1 GET /images/marketer.png
 HTTP  8/12/2025 6:50:00 AM ::1 GET /images/founder.png
 HTTP  8/12/2025 6:50:00 AM ::1 GET /images/consultant.png
 HTTP  8/12/2025 6:50:00 AM ::1 Returned 304 in 7 ms
 HTTP  8/12/2025 6:50:00 AM ::1 Returned 304 in 6 ms
 HTTP  8/12/2025 6:50:00 AM ::1 Returned 304 in 6 ms
 HTTP  8/12/2025 6:50:00 AM ::1 GET /index.txt?_rsc=acgkz
 HTTP  8/12/2025 6:50:00 AM ::1 GET /about.txt?_rsc=acgkz
 HTTP  8/12/2025 6:50:00 AM ::1 GET /contact.txt?_rsc=acgkz
 HTTP  8/12/2025 6:50:00 AM ::1 Returned 200 in 1 ms
 HTTP  8/12/2025 6:50:00 AM ::1 GET /careers.txt?_rsc=acgkz
 HTTP  8/12/2025 6:50:00 AM ::1 Returned 200 in 4 ms
 HTTP  8/12/2025 6:50:00 AM ::1 Returned 200 in 8 ms
 HTTP  8/12/2025 6:50:00 AM ::1 GET /privacy-policy.txt?_rsc=acgkz
 HTTP  8/12/2025 6:50:00 AM ::1 Returned 200 in 6 ms
 HTTP  8/12/2025 6:50:00 AM ::1 Returned 200 in 3 ms
 HTTP  8/12/2025 6:50:00 AM ::1 GET /tos.txt?_rsc=acgkz
 HTTP  8/12/2025 6:50:00 AM ::1 Returned 200 in 2 ms
 HTTP  8/12/2025 6:52:37 AM ::1 GET /
 HTTP  8/12/2025 6:52:37 AM ::1 Returned 200 in 3 ms
 HTTP  8/12/2025 6:52:37 AM ::1 GET /_next/static/media/e4af272ccee01ff0-s.p.woff2
 HTTP  8/12/2025 6:52:37 AM ::1 GET /_next/static/css/03e0c3b76987567e.css
 HTTP  8/12/2025 6:52:37 AM ::1 Returned 304 in 3 ms
 HTTP  8/12/2025 6:52:37 AM ::1 Returned 200 in 3 ms
 HTTP  8/12/2025 6:52:37 AM ::1 GET /_next/static/chunks/webpack-36b7bb6655f1fcf1.js
 HTTP  8/12/2025 6:52:37 AM ::1 GET /_next/static/chunks/fd9d1056-9460a96b566cd381.js
 HTTP  8/12/2025 6:52:37 AM ::1 GET /_next/static/chunks/864-3eb9302f43f2f25b.js
 HTTP  8/12/2025 6:52:37 AM ::1 GET /_next/static/chunks/main-app-421d4053965075b8.js
 HTTP  8/12/2025 6:52:37 AM ::1 Returned 200 in 3 ms
 HTTP  8/12/2025 6:52:37 AM ::1 Returned 304 in 1 ms
 HTTP  8/12/2025 6:52:37 AM ::1 Returned 304 in 3 ms
 HTTP  8/12/2025 6:52:37 AM ::1 Returned 304 in 2 ms
 HTTP  8/12/2025 6:52:38 AM ::1 GET /images/founder.png
 HTTP  8/12/2025 6:52:38 AM ::1 GET /images/marketer.png
 HTTP  8/12/2025 6:52:38 AM ::1 GET /images/consultant.png
 HTTP  8/12/2025 6:52:38 AM ::1 GET /_next/static/chunks/app/layout-109c3a3608e45a6d.js
 HTTP  8/12/2025 6:52:38 AM ::1 GET /_next/static/chunks/644-68e0a44102a037da.js
 HTTP  8/12/2025 6:52:38 AM ::1 GET /_next/static/chunks/499-26fed873b3db4904.js
 HTTP  8/12/2025 6:52:38 AM ::1 Returned 200 in 6 ms
 HTTP  8/12/2025 6:52:38 AM ::1 Returned 200 in 7 ms
 HTTP  8/12/2025 6:52:38 AM ::1 Returned 304 in 7 ms
 HTTP  8/12/2025 6:52:38 AM ::1 Returned 304 in 19 ms
 HTTP  8/12/2025 6:52:38 AM ::1 Returned 304 in 19 ms
 HTTP  8/12/2025 6:52:38 AM ::1 Returned 304 in 21 ms
 HTTP  8/12/2025 6:52:38 AM ::1 GET /_next/static/chunks/app/page-772e6851a985924a.js
 HTTP  8/12/2025 6:52:38 AM ::1 Returned 200 in 3 ms
 HTTP  8/12/2025 6:52:38 AM ::1 GET /favicon.ico
 HTTP  8/12/2025 6:52:38 AM ::1 Returned 200 in 1 ms
 HTTP  8/12/2025 6:52:38 AM ::1 GET /index.txt?_rsc=acgkz
 HTTP  8/12/2025 6:52:38 AM ::1 GET /about.txt?_rsc=acgkz
 HTTP  8/12/2025 6:52:38 AM ::1 GET /contact.txt?_rsc=acgkz
 HTTP  8/12/2025 6:52:38 AM ::1 GET /careers.txt?_rsc=acgkz
 HTTP  8/12/2025 6:52:38 AM ::1 GET /privacy-policy.txt?_rsc=acgkz
 HTTP  8/12/2025 6:52:38 AM ::1 Returned 200 in 2 ms
 HTTP  8/12/2025 6:52:38 AM ::1 Returned 200 in 3 ms
 HTTP  8/12/2025 6:52:38 AM ::1 Returned 200 in 3 ms
 HTTP  8/12/2025 6:52:38 AM ::1 Returned 200 in 4 ms
 HTTP  8/12/2025 6:52:38 AM ::1 Returned 200 in 8 ms
 HTTP  8/12/2025 6:52:38 AM ::1 GET /tos.txt?_rsc=acgkz
 HTTP  8/12/2025 6:52:38 AM ::1 Returned 200 in 1 ms
 HTTP  8/12/2025 6:55:24 AM ::1 GET /
 HTTP  8/12/2025 6:55:24 AM ::1 Returned 200 in 6 ms
 HTTP  8/12/2025 6:55:24 AM ::1 GET /_next/static/css/03e0c3b76987567e.css
 HTTP  8/12/2025 6:55:24 AM ::1 GET /_next/static/media/e4af272ccee01ff0-s.p.woff2
 HTTP  8/12/2025 6:55:24 AM ::1 GET /_next/static/chunks/webpack-36b7bb6655f1fcf1.js
 HTTP  8/12/2025 6:55:24 AM ::1 GET /_next/static/chunks/864-3eb9302f43f2f25b.js
 HTTP  8/12/2025 6:55:24 AM ::1 GET /_next/static/chunks/main-app-421d4053965075b8.js
 HTTP  8/12/2025 6:55:24 AM ::1 GET /_next/static/chunks/fd9d1056-9460a96b566cd381.js
 HTTP  8/12/2025 6:55:24 AM ::1 Returned 304 in 13 ms
 HTTP  8/12/2025 6:55:24 AM ::1 Returned 304 in 5 ms
 HTTP  8/12/2025 6:55:24 AM ::1 Returned 304 in 13 ms
 HTTP  8/12/2025 6:55:24 AM ::1 Returned 304 in 5 ms
 HTTP  8/12/2025 6:55:24 AM ::1 Returned 304 in 4 ms
 HTTP  8/12/2025 6:55:24 AM ::1 Returned 304 in 5 ms
 HTTP  8/12/2025 6:55:24 AM ::1 GET /_next/static/chunks/app/page-5aabf85ee756f3ef.js
 HTTP  8/12/2025 6:55:24 AM ::1 GET /_next/static/chunks/app/layout-109c3a3608e45a6d.js
 HTTP  8/12/2025 6:55:24 AM ::1 GET /_next/static/chunks/499-26fed873b3db4904.js
 HTTP  8/12/2025 6:55:24 AM ::1 GET /_next/static/chunks/644-68e0a44102a037da.js
 HTTP  8/12/2025 6:55:24 AM ::1 Returned 200 in 5 ms
 HTTP  8/12/2025 6:55:24 AM ::1 Returned 304 in 2 ms
 HTTP  8/12/2025 6:55:24 AM ::1 Returned 304 in 3 ms
 HTTP  8/12/2025 6:55:24 AM ::1 Returned 304 in 12 ms
 HTTP  8/12/2025 6:55:24 AM ::1 GET /favicon.ico
 HTTP  8/12/2025 6:55:24 AM ::1 Returned 200 in 1 ms
 HTTP  8/12/2025 6:55:24 AM ::1 GET /images/founder.png
 HTTP  8/12/2025 6:55:24 AM ::1 GET /images/consultant.png
 HTTP  8/12/2025 6:55:24 AM ::1 GET /images/marketer.png
 HTTP  8/12/2025 6:55:24 AM ::1 Returned 304 in 75 ms
 HTTP  8/12/2025 6:55:24 AM ::1 Returned 304 in 78 ms
 HTTP  8/12/2025 6:55:24 AM ::1 Returned 304 in 84 ms
 HTTP  8/12/2025 6:55:25 AM ::1 GET /tos.txt?_rsc=acgkz
 HTTP  8/12/2025 6:55:25 AM ::1 GET /index.txt?_rsc=acgkz
 HTTP  8/12/2025 6:55:25 AM ::1 GET /about.txt?_rsc=acgkz
 HTTP  8/12/2025 6:55:25 AM ::1 GET /privacy-policy.txt?_rsc=acgkz
 HTTP  8/12/2025 6:55:25 AM ::1 GET /careers.txt?_rsc=acgkz
 HTTP  8/12/2025 6:55:25 AM ::1 Returned 200 in 1 ms
 HTTP  8/12/2025 6:55:25 AM ::1 Returned 200 in 1 ms
 HTTP  8/12/2025 6:55:25 AM ::1 Returned 200 in 1 ms
 HTTP  8/12/2025 6:55:25 AM ::1 Returned 200 in 1 ms
 HTTP  8/12/2025 6:55:25 AM ::1 Returned 200 in 8 ms
 HTTP  8/12/2025 6:55:25 AM ::1 GET /contact.txt?_rsc=acgkz
 HTTP  8/12/2025 6:55:25 AM ::1 Returned 200 in 1 ms
